{"E:\\zzz\\employeems\\src\\server.js":{"path":"E:\\zzz\\employeems\\src\\server.js","statementMap":{"0":{"start":{"line":3,"column":29},"end":{"line":3,"column":84}},"1":{"start":{"line":5,"column":0},"end":{"line":7,"column":3}},"2":{"start":{"line":8,"column":0},"end":{"line":8,"column":28}},"3":{"start":{"line":10,"column":15},"end":{"line":10,"column":57}},"4":{"start":{"line":12,"column":18},"end":{"line":12,"column":64}},"5":{"start":{"line":14,"column":12},"end":{"line":14,"column":51}},"6":{"start":{"line":16,"column":13},"end":{"line":16,"column":62}},"7":{"start":{"line":18,"column":14},"end":{"line":18,"column":55}},"8":{"start":{"line":20,"column":24},"end":{"line":20,"column":53}},"9":{"start":{"line":22,"column":15},"end":{"line":22,"column":76}},"10":{"start":{"line":24,"column":10},"end":{"line":24,"column":36}},"11":{"start":{"line":25,"column":0},"end":{"line":25,"column":40}},"12":{"start":{"line":26,"column":0},"end":{"line":26,"column":33}},"13":{"start":{"line":27,"column":0},"end":{"line":27,"column":39}},"14":{"start":{"line":28,"column":0},"end":{"line":30,"column":4}},"15":{"start":{"line":31,"column":0},"end":{"line":31,"column":49}},"16":{"start":{"line":32,"column":0},"end":{"line":32,"column":92}},"17":{"start":{"line":33,"column":0},"end":{"line":33,"column":27}},"18":{"start":{"line":34,"column":11},"end":{"line":34,"column":35}},"19":{"start":{"line":35,"column":13},"end":{"line":37,"column":2}},"20":{"start":{"line":36,"column":2},"end":{"line":36,"column":74}},"21":{"start":{"line":38,"column":15},"end":{"line":38,"column":18}},"22":{"start":{"line":39,"column":0},"end":{"line":39,"column":30}}},"fnMap":{"0":{"name":"(anonymous_0)","decl":{"start":{"line":35,"column":30},"end":{"line":35,"column":31}},"loc":{"start":{"line":35,"column":42},"end":{"line":37,"column":1}},"line":35}},"branchMap":{"0":{"loc":{"start":{"line":34,"column":11},"end":{"line":34,"column":35}},"type":"binary-expr","locations":[{"start":{"line":34,"column":11},"end":{"line":34,"column":27}},{"start":{"line":34,"column":31},"end":{"line":34,"column":35}}],"line":34}},"s":{"0":1,"1":1,"2":1,"3":1,"4":1,"5":1,"6":1,"7":1,"8":1,"9":1,"10":1,"11":1,"12":1,"13":1,"14":1,"15":1,"16":1,"17":1,"18":1,"19":1,"20":1,"21":1,"22":1},"f":{"0":1},"b":{"0":[1,0]},"inputSourceMap":{"version":3,"sources":["server.js"],"names":["app","use","bodyParser","json","urlencoded","extended","express","serve","swaggerSpecs","allroutes","port","process","env","PORT","server","listen","console","log","address"],"mappings":";;;;;;;;;AAAA;;AACA;;AACA;;AACA;;AACA;;AACA;;AACA;;AAEA,IAAMA,GAAG,GAAG,0BAAZ;AAEAA,GAAG,CAACC,GAAJ,CAAQ,wBAAO,KAAP,CAAR;AACAD,GAAG,CAACC,GAAJ,CAAQ,uBAAR;AACAD,GAAG,CAACC,GAAJ,CAAQC,uBAAWC,IAAX,EAAR;AACAH,GAAG,CAACC,GAAJ,CAAQC,uBAAWE,UAAX,CAAsB;AAAEC,EAAAA,QAAQ,EAAE;AAAZ,CAAtB,CAAR;AACAL,GAAG,CAACC,GAAJ,CAAQK,8BAAe,QAAf,CAAR;AACAN,GAAG,CAACC,GAAJ,CAAQ,MAAR,EAAiBM,uBAAjB,EAAwB,6BAAMC,mBAAN,CAAxB;AACAR,GAAG,CAACC,GAAJ,CAAQQ,iBAAR;AACA,IAAMC,IAAI,GAAGC,OAAO,CAACC,GAAR,CAAYC,IAAZ,IAAoB,IAAjC;AACA,IAAMC,MAAM,GAAGd,GAAG,CAACe,MAAJ,CAAWL,IAAX,EAAiB,YAAM;AACpCM,EAAAA,OAAO,CAACC,GAAR,qCAAyCH,MAAM,CAACI,OAAP,GAAiBR,IAA1D;AACD,CAFc,CAAf;eAIeV,G","sourceRoot":"E:\\zzz\\employeems\\src\\","sourcesContent":["import express from \"express\";\r\nimport bodyParser from \"body-parser\";\r\nimport cors from \"cors\";\r\nimport allroutes from \"./routes/index\";\r\nimport morgan from 'morgan';\r\nimport { serve, setup } from 'swagger-ui-express';\r\nimport swaggerSpecs from '../public/doc/swagger.json';\r\n\r\nconst app = express();\r\n\r\napp.use(morgan('dev'))\r\napp.use(cors());\r\napp.use(bodyParser.json());\r\napp.use(bodyParser.urlencoded({ extended: false }));\r\napp.use(express.static(\"public\"));\r\napp.use('/doc',  serve, setup(swaggerSpecs));\r\napp.use(allroutes);\r\nconst port = process.env.PORT || 5000;\r\nconst server = app.listen(port, () => {\r\n  console.log(`server port is running on ${server.address().port}`);\r\n});\r\n\r\nexport default app;\r\n"]},"_coverageSchema":"1a1c01bbd47fc00a2c39e90264f33305004495a9","hash":"0403c91b27c0253ddfffd31995db44da075935ee","contentHash":"36028af170ec888e4ca842be865ea91d08e192f832fc241e5a41ec7074b82b20"},"E:\\zzz\\employeems\\src\\routes\\index.js":{"path":"E:\\zzz\\employeems\\src\\routes\\index.js","statementMap":{"0":{"start":{"line":3,"column":29},"end":{"line":3,"column":84}},"1":{"start":{"line":5,"column":14},"end":{"line":5,"column":54}},"2":{"start":{"line":7,"column":0},"end":{"line":9,"column":3}},"3":{"start":{"line":10,"column":0},"end":{"line":10,"column":28}},"4":{"start":{"line":12,"column":15},"end":{"line":12,"column":58}},"5":{"start":{"line":14,"column":13},"end":{"line":14,"column":59}},"6":{"start":{"line":16,"column":49},"end":{"line":16,"column":96}},"7":{"start":{"line":16,"column":84},"end":{"line":16,"column":96}},"8":{"start":{"line":16,"column":121},"end":{"line":16,"column":134}},"9":{"start":{"line":16,"column":159},"end":{"line":16,"column":172}},"10":{"start":{"line":16,"column":174},"end":{"line":16,"column":333}},"11":{"start":{"line":16,"column":258},"end":{"line":16,"column":316}},"12":{"start":{"line":18,"column":53},"end":{"line":18,"column":111}},"13":{"start":{"line":18,"column":98},"end":{"line":18,"column":109}},"14":{"start":{"line":18,"column":112},"end":{"line":18,"column":218}},"15":{"start":{"line":18,"column":190},"end":{"line":18,"column":216}},"16":{"start":{"line":18,"column":231},"end":{"line":18,"column":268}},"17":{"start":{"line":18,"column":270},"end":{"line":18,"column":325}},"18":{"start":{"line":18,"column":301},"end":{"line":18,"column":323}},"19":{"start":{"line":18,"column":339},"end":{"line":18,"column":341}},"20":{"start":{"line":18,"column":371},"end":{"line":18,"column":427}},"21":{"start":{"line":18,"column":429},"end":{"line":18,"column":730}},"22":{"start":{"line":18,"column":452},"end":{"line":18,"column":728}},"23":{"start":{"line":18,"column":538},"end":{"line":18,"column":610}},"24":{"start":{"line":18,"column":612},"end":{"line":18,"column":726}},"25":{"start":{"line":18,"column":650},"end":{"line":18,"column":691}},"26":{"start":{"line":18,"column":701},"end":{"line":18,"column":724}},"27":{"start":{"line":18,"column":731},"end":{"line":18,"column":755}},"28":{"start":{"line":18,"column":756},"end":{"line":18,"column":794}},"29":{"start":{"line":18,"column":769},"end":{"line":18,"column":792}},"30":{"start":{"line":18,"column":795},"end":{"line":18,"column":809}},"31":{"start":{"line":20,"column":13},"end":{"line":20,"column":41}},"32":{"start":{"line":22,"column":0},"end":{"line":22,"column":38}},"33":{"start":{"line":23,"column":15},"end":{"line":23,"column":21}},"34":{"start":{"line":24,"column":0},"end":{"line":24,"column":30}}},"fnMap":{"0":{"name":"_getRequireWildcardCache","decl":{"start":{"line":16,"column":9},"end":{"line":16,"column":33}},"loc":{"start":{"line":16,"column":47},"end":{"line":16,"column":335}},"line":16},"1":{"name":"_getRequireWildcardCache","decl":{"start":{"line":16,"column":218},"end":{"line":16,"column":242}},"loc":{"start":{"line":16,"column":256},"end":{"line":16,"column":318}},"line":16},"2":{"name":"_interopRequireWildcard","decl":{"start":{"line":18,"column":9},"end":{"line":18,"column":32}},"loc":{"start":{"line":18,"column":51},"end":{"line":18,"column":811}},"line":18}},"branchMap":{"0":{"loc":{"start":{"line":16,"column":49},"end":{"line":16,"column":96}},"type":"if","locations":[{"start":{"line":16,"column":49},"end":{"line":16,"column":96}},{"start":{"line":16,"column":49},"end":{"line":16,"column":96}}],"line":16},"1":{"loc":{"start":{"line":16,"column":265},"end":{"line":16,"column":315}},"type":"cond-expr","locations":[{"start":{"line":16,"column":279},"end":{"line":16,"column":295}},{"start":{"line":16,"column":298},"end":{"line":16,"column":315}}],"line":16},"2":{"loc":{"start":{"line":18,"column":53},"end":{"line":18,"column":111}},"type":"if","locations":[{"start":{"line":18,"column":53},"end":{"line":18,"column":111}},{"start":{"line":18,"column":53},"end":{"line":18,"column":111}}],"line":18},"3":{"loc":{"start":{"line":18,"column":57},"end":{"line":18,"column":94}},"type":"binary-expr","locations":[{"start":{"line":18,"column":57},"end":{"line":18,"column":69}},{"start":{"line":18,"column":73},"end":{"line":18,"column":76}},{"start":{"line":18,"column":80},"end":{"line":18,"column":94}}],"line":18},"4":{"loc":{"start":{"line":18,"column":112},"end":{"line":18,"column":218}},"type":"if","locations":[{"start":{"line":18,"column":112},"end":{"line":18,"column":218}},{"start":{"line":18,"column":112},"end":{"line":18,"column":218}}],"line":18},"5":{"loc":{"start":{"line":18,"column":116},"end":{"line":18,"column":186}},"type":"binary-expr","locations":[{"start":{"line":18,"column":116},"end":{"line":18,"column":128}},{"start":{"line":18,"column":132},"end":{"line":18,"column":157}},{"start":{"line":18,"column":161},"end":{"line":18,"column":186}}],"line":18},"6":{"loc":{"start":{"line":18,"column":270},"end":{"line":18,"column":325}},"type":"if","locations":[{"start":{"line":18,"column":270},"end":{"line":18,"column":325}},{"start":{"line":18,"column":270},"end":{"line":18,"column":325}}],"line":18},"7":{"loc":{"start":{"line":18,"column":274},"end":{"line":18,"column":297}},"type":"binary-expr","locations":[{"start":{"line":18,"column":274},"end":{"line":18,"column":279}},{"start":{"line":18,"column":283},"end":{"line":18,"column":297}}],"line":18},"8":{"loc":{"start":{"line":18,"column":371},"end":{"line":18,"column":427}},"type":"binary-expr","locations":[{"start":{"line":18,"column":371},"end":{"line":18,"column":392}},{"start":{"line":18,"column":396},"end":{"line":18,"column":427}}],"line":18},"9":{"loc":{"start":{"line":18,"column":452},"end":{"line":18,"column":728}},"type":"if","locations":[{"start":{"line":18,"column":452},"end":{"line":18,"column":728}},{"start":{"line":18,"column":452},"end":{"line":18,"column":728}}],"line":18},"10":{"loc":{"start":{"line":18,"column":456},"end":{"line":18,"column":523}},"type":"binary-expr","locations":[{"start":{"line":18,"column":456},"end":{"line":18,"column":473}},{"start":{"line":18,"column":477},"end":{"line":18,"column":523}}],"line":18},"11":{"loc":{"start":{"line":18,"column":538},"end":{"line":18,"column":610}},"type":"cond-expr","locations":[{"start":{"line":18,"column":562},"end":{"line":18,"column":603}},{"start":{"line":18,"column":606},"end":{"line":18,"column":610}}],"line":18},"12":{"loc":{"start":{"line":18,"column":612},"end":{"line":18,"column":726}},"type":"if","locations":[{"start":{"line":18,"column":612},"end":{"line":18,"column":726}},{"start":{"line":18,"column":612},"end":{"line":18,"column":726}}],"line":18},"13":{"loc":{"start":{"line":18,"column":616},"end":{"line":18,"column":646}},"type":"binary-expr","locations":[{"start":{"line":18,"column":616},"end":{"line":18,"column":620}},{"start":{"line":18,"column":625},"end":{"line":18,"column":633}},{"start":{"line":18,"column":637},"end":{"line":18,"column":645}}],"line":18},"14":{"loc":{"start":{"line":18,"column":756},"end":{"line":18,"column":794}},"type":"if","locations":[{"start":{"line":18,"column":756},"end":{"line":18,"column":794}},{"start":{"line":18,"column":756},"end":{"line":18,"column":794}}],"line":18}},"s":{"0":1,"1":1,"2":1,"3":1,"4":1,"5":1,"6":1,"7":0,"8":1,"9":1,"10":1,"11":1,"12":1,"13":0,"14":1,"15":0,"16":1,"17":1,"18":0,"19":1,"20":1,"21":1,"22":11,"23":11,"24":11,"25":0,"26":11,"27":1,"28":1,"29":1,"30":1,"31":1,"32":1,"33":1,"34":1},"f":{"0":1,"1":1,"2":1},"b":{"0":[0,1],"1":[0,1],"2":[0,1],"3":[1,1,1],"4":[0,1],"5":[1,1,1],"6":[0,1],"7":[1,1],"8":[1,1],"9":[11,0],"10":[11,11],"11":[11,0],"12":[0,11],"13":[11,11,11],"14":[1,0]},"inputSourceMap":{"version":3,"sources":["index.js"],"names":["routes","express","Router","use","apis"],"mappings":";;;;;;;;;;;AAAA;;AACA;;;;;;AACA,IAAMA,MAAM,GAAGC,oBAAQC,MAAR,EAAf;;AACAF,MAAM,CAACG,GAAP,CAAW,MAAX,EAAmBC,iBAAnB;eACeJ,M","sourceRoot":"E:\\zzz\\employeems\\src\\routes\\","sourcesContent":["import express, {Router} from 'express';\r\nimport apis from './api/index';\r\nconst routes = express.Router();\r\nroutes.use('/api', apis);\r\nexport default routes;\r\n"]},"_coverageSchema":"1a1c01bbd47fc00a2c39e90264f33305004495a9","hash":"dcc0e3bb9d380e6074c5960e66a35cc4ebac4dca","contentHash":"804a1b802f85d6d4196e369b6820a53eadfbb7540ba67ecbbb21aa6ac2451e50"},"E:\\zzz\\employeems\\src\\routes\\api\\index.js":{"path":"E:\\zzz\\employeems\\src\\routes\\api\\index.js","statementMap":{"0":{"start":{"line":3,"column":29},"end":{"line":3,"column":84}},"1":{"start":{"line":5,"column":0},"end":{"line":7,"column":3}},"2":{"start":{"line":8,"column":0},"end":{"line":8,"column":28}},"3":{"start":{"line":10,"column":12},"end":{"line":10,"column":60}},"4":{"start":{"line":12,"column":16},"end":{"line":12,"column":68}},"5":{"start":{"line":14,"column":15},"end":{"line":14,"column":57}},"6":{"start":{"line":16,"column":16},"end":{"line":16,"column":44}},"7":{"start":{"line":18,"column":0},"end":{"line":18,"column":41}},"8":{"start":{"line":19,"column":0},"end":{"line":19,"column":49}},"9":{"start":{"line":20,"column":15},"end":{"line":20,"column":24}},"10":{"start":{"line":21,"column":0},"end":{"line":21,"column":30}}},"fnMap":{},"branchMap":{},"s":{"0":1,"1":1,"2":1,"3":1,"4":1,"5":1,"6":1,"7":1,"8":1,"9":1,"10":1},"f":{},"b":{},"inputSourceMap":{"version":3,"sources":["index.js"],"names":["apiRouter","express","Router","use","authRoutes","employeeRoutes"],"mappings":";;;;;;;;;AAAA;;AACA;;AACA;;AACA,IAAMA,SAAS,GAAGC,oBAAQC,MAAR,EAAlB;;AACAF,SAAS,CAACG,GAAV,CAAc,OAAd,EAAuBC,gBAAvB;AACAJ,SAAS,CAACG,GAAV,CAAc,WAAd,EAA2BE,oBAA3B;eAIeL,S","sourceRoot":"E:\\zzz\\employeems\\src\\routes\\api\\","sourcesContent":["import authRoutes from './auth.routes';\r\nimport employeeRoutes from './employee.routes';\r\nimport express from 'express';\r\nconst apiRouter = express.Router();\r\napiRouter.use('/auth', authRoutes);\r\napiRouter.use('/employee', employeeRoutes)\r\n\r\n\r\n\r\nexport default apiRouter;\r\n"]},"_coverageSchema":"1a1c01bbd47fc00a2c39e90264f33305004495a9","hash":"99803c570b9424edc959883c7b6c9271ce2d6496","contentHash":"c8c5e06a761f33dfe463547454f31fa9b4402b6632b68002c109d4bfc6398200"},"E:\\zzz\\employeems\\src\\routes\\api\\auth.routes.js":{"path":"E:\\zzz\\employeems\\src\\routes\\api\\auth.routes.js","statementMap":{"0":{"start":{"line":3,"column":29},"end":{"line":3,"column":84}},"1":{"start":{"line":5,"column":14},"end":{"line":5,"column":54}},"2":{"start":{"line":7,"column":0},"end":{"line":9,"column":3}},"3":{"start":{"line":10,"column":0},"end":{"line":10,"column":28}},"4":{"start":{"line":12,"column":15},"end":{"line":12,"column":58}},"5":{"start":{"line":14,"column":22},"end":{"line":14,"column":89}},"6":{"start":{"line":16,"column":28},"end":{"line":16,"column":101}},"7":{"start":{"line":18,"column":22},"end":{"line":18,"column":89}},"8":{"start":{"line":20,"column":15},"end":{"line":20,"column":75}},"9":{"start":{"line":22,"column":49},"end":{"line":22,"column":96}},"10":{"start":{"line":22,"column":84},"end":{"line":22,"column":96}},"11":{"start":{"line":22,"column":121},"end":{"line":22,"column":134}},"12":{"start":{"line":22,"column":159},"end":{"line":22,"column":172}},"13":{"start":{"line":22,"column":174},"end":{"line":22,"column":333}},"14":{"start":{"line":22,"column":258},"end":{"line":22,"column":316}},"15":{"start":{"line":24,"column":53},"end":{"line":24,"column":111}},"16":{"start":{"line":24,"column":98},"end":{"line":24,"column":109}},"17":{"start":{"line":24,"column":112},"end":{"line":24,"column":218}},"18":{"start":{"line":24,"column":190},"end":{"line":24,"column":216}},"19":{"start":{"line":24,"column":231},"end":{"line":24,"column":268}},"20":{"start":{"line":24,"column":270},"end":{"line":24,"column":325}},"21":{"start":{"line":24,"column":301},"end":{"line":24,"column":323}},"22":{"start":{"line":24,"column":339},"end":{"line":24,"column":341}},"23":{"start":{"line":24,"column":371},"end":{"line":24,"column":427}},"24":{"start":{"line":24,"column":429},"end":{"line":24,"column":730}},"25":{"start":{"line":24,"column":452},"end":{"line":24,"column":728}},"26":{"start":{"line":24,"column":538},"end":{"line":24,"column":610}},"27":{"start":{"line":24,"column":612},"end":{"line":24,"column":726}},"28":{"start":{"line":24,"column":650},"end":{"line":24,"column":691}},"29":{"start":{"line":24,"column":701},"end":{"line":24,"column":724}},"30":{"start":{"line":24,"column":731},"end":{"line":24,"column":755}},"31":{"start":{"line":24,"column":756},"end":{"line":24,"column":794}},"32":{"start":{"line":24,"column":769},"end":{"line":24,"column":792}},"33":{"start":{"line":24,"column":795},"end":{"line":24,"column":809}},"34":{"start":{"line":26,"column":17},"end":{"line":26,"column":45}},"35":{"start":{"line":28,"column":16},"end":{"line":28,"column":45}},"36":{"start":{"line":29,"column":12},"end":{"line":29,"column":44}},"37":{"start":{"line":30,"column":13},"end":{"line":30,"column":46}},"38":{"start":{"line":31,"column":12},"end":{"line":31,"column":44}},"39":{"start":{"line":32,"column":21},"end":{"line":32,"column":62}},"40":{"start":{"line":33,"column":20},"end":{"line":33,"column":60}},"41":{"start":{"line":34,"column":19},"end":{"line":34,"column":58}},"42":{"start":{"line":35,"column":13},"end":{"line":35,"column":46}},"43":{"start":{"line":36,"column":19},"end":{"line":36,"column":58}},"44":{"start":{"line":37,"column":16},"end":{"line":37,"column":52}},"45":{"start":{"line":38,"column":30},"end":{"line":38,"column":80}},"46":{"start":{"line":39,"column":19},"end":{"line":39,"column":64}},"47":{"start":{"line":40,"column":18},"end":{"line":40,"column":62}},"48":{"start":{"line":41,"column":18},"end":{"line":41,"column":62}},"49":{"start":{"line":42,"column":27},"end":{"line":42,"column":80}},"50":{"start":{"line":43,"column":26},"end":{"line":43,"column":78}},"51":{"start":{"line":44,"column":0},"end":{"line":44,"column":71}},"52":{"start":{"line":45,"column":0},"end":{"line":45,"column":60}},"53":{"start":{"line":46,"column":0},"end":{"line":46,"column":53}},"54":{"start":{"line":47,"column":0},"end":{"line":47,"column":46}},"55":{"start":{"line":48,"column":0},"end":{"line":48,"column":80}},"56":{"start":{"line":49,"column":0},"end":{"line":49,"column":95}},"57":{"start":{"line":50,"column":0},"end":{"line":50,"column":59}},"58":{"start":{"line":51,"column":15},"end":{"line":51,"column":25}},"59":{"start":{"line":52,"column":0},"end":{"line":52,"column":30}}},"fnMap":{"0":{"name":"_getRequireWildcardCache","decl":{"start":{"line":22,"column":9},"end":{"line":22,"column":33}},"loc":{"start":{"line":22,"column":47},"end":{"line":22,"column":335}},"line":22},"1":{"name":"_getRequireWildcardCache","decl":{"start":{"line":22,"column":218},"end":{"line":22,"column":242}},"loc":{"start":{"line":22,"column":256},"end":{"line":22,"column":318}},"line":22},"2":{"name":"_interopRequireWildcard","decl":{"start":{"line":24,"column":9},"end":{"line":24,"column":32}},"loc":{"start":{"line":24,"column":51},"end":{"line":24,"column":811}},"line":24}},"branchMap":{"0":{"loc":{"start":{"line":22,"column":49},"end":{"line":22,"column":96}},"type":"if","locations":[{"start":{"line":22,"column":49},"end":{"line":22,"column":96}},{"start":{"line":22,"column":49},"end":{"line":22,"column":96}}],"line":22},"1":{"loc":{"start":{"line":22,"column":265},"end":{"line":22,"column":315}},"type":"cond-expr","locations":[{"start":{"line":22,"column":279},"end":{"line":22,"column":295}},{"start":{"line":22,"column":298},"end":{"line":22,"column":315}}],"line":22},"2":{"loc":{"start":{"line":24,"column":53},"end":{"line":24,"column":111}},"type":"if","locations":[{"start":{"line":24,"column":53},"end":{"line":24,"column":111}},{"start":{"line":24,"column":53},"end":{"line":24,"column":111}}],"line":24},"3":{"loc":{"start":{"line":24,"column":57},"end":{"line":24,"column":94}},"type":"binary-expr","locations":[{"start":{"line":24,"column":57},"end":{"line":24,"column":69}},{"start":{"line":24,"column":73},"end":{"line":24,"column":76}},{"start":{"line":24,"column":80},"end":{"line":24,"column":94}}],"line":24},"4":{"loc":{"start":{"line":24,"column":112},"end":{"line":24,"column":218}},"type":"if","locations":[{"start":{"line":24,"column":112},"end":{"line":24,"column":218}},{"start":{"line":24,"column":112},"end":{"line":24,"column":218}}],"line":24},"5":{"loc":{"start":{"line":24,"column":116},"end":{"line":24,"column":186}},"type":"binary-expr","locations":[{"start":{"line":24,"column":116},"end":{"line":24,"column":128}},{"start":{"line":24,"column":132},"end":{"line":24,"column":157}},{"start":{"line":24,"column":161},"end":{"line":24,"column":186}}],"line":24},"6":{"loc":{"start":{"line":24,"column":270},"end":{"line":24,"column":325}},"type":"if","locations":[{"start":{"line":24,"column":270},"end":{"line":24,"column":325}},{"start":{"line":24,"column":270},"end":{"line":24,"column":325}}],"line":24},"7":{"loc":{"start":{"line":24,"column":274},"end":{"line":24,"column":297}},"type":"binary-expr","locations":[{"start":{"line":24,"column":274},"end":{"line":24,"column":279}},{"start":{"line":24,"column":283},"end":{"line":24,"column":297}}],"line":24},"8":{"loc":{"start":{"line":24,"column":371},"end":{"line":24,"column":427}},"type":"binary-expr","locations":[{"start":{"line":24,"column":371},"end":{"line":24,"column":392}},{"start":{"line":24,"column":396},"end":{"line":24,"column":427}}],"line":24},"9":{"loc":{"start":{"line":24,"column":452},"end":{"line":24,"column":728}},"type":"if","locations":[{"start":{"line":24,"column":452},"end":{"line":24,"column":728}},{"start":{"line":24,"column":452},"end":{"line":24,"column":728}}],"line":24},"10":{"loc":{"start":{"line":24,"column":456},"end":{"line":24,"column":523}},"type":"binary-expr","locations":[{"start":{"line":24,"column":456},"end":{"line":24,"column":473}},{"start":{"line":24,"column":477},"end":{"line":24,"column":523}}],"line":24},"11":{"loc":{"start":{"line":24,"column":538},"end":{"line":24,"column":610}},"type":"cond-expr","locations":[{"start":{"line":24,"column":562},"end":{"line":24,"column":603}},{"start":{"line":24,"column":606},"end":{"line":24,"column":610}}],"line":24},"12":{"loc":{"start":{"line":24,"column":612},"end":{"line":24,"column":726}},"type":"if","locations":[{"start":{"line":24,"column":612},"end":{"line":24,"column":726}},{"start":{"line":24,"column":612},"end":{"line":24,"column":726}}],"line":24},"13":{"loc":{"start":{"line":24,"column":616},"end":{"line":24,"column":646}},"type":"binary-expr","locations":[{"start":{"line":24,"column":616},"end":{"line":24,"column":620}},{"start":{"line":24,"column":625},"end":{"line":24,"column":633}},{"start":{"line":24,"column":637},"end":{"line":24,"column":645}}],"line":24},"14":{"loc":{"start":{"line":24,"column":756},"end":{"line":24,"column":794}},"type":"if","locations":[{"start":{"line":24,"column":756},"end":{"line":24,"column":794}},{"start":{"line":24,"column":756},"end":{"line":24,"column":794}}],"line":24}},"s":{"0":1,"1":1,"2":1,"3":1,"4":1,"5":1,"6":1,"7":1,"8":1,"9":1,"10":0,"11":1,"12":1,"13":1,"14":1,"15":1,"16":0,"17":1,"18":0,"19":1,"20":1,"21":0,"22":1,"23":1,"24":1,"25":11,"26":11,"27":11,"28":0,"29":11,"30":1,"31":1,"32":1,"33":1,"34":1,"35":1,"36":1,"37":1,"38":1,"39":1,"40":1,"41":1,"42":1,"43":1,"44":1,"45":1,"46":1,"47":1,"48":1,"49":1,"50":1,"51":1,"52":1,"53":1,"54":1,"55":1,"56":1,"57":1,"58":1,"59":1},"f":{"0":1,"1":1,"2":1},"b":{"0":[0,1],"1":[0,1],"2":[0,1],"3":[1,1,1],"4":[0,1],"5":[1,1,1],"6":[0,1],"7":[1,1],"8":[1,1],"9":[11,0],"10":[11,11],"11":[11,0],"12":[0,11],"13":[11,11,11],"14":[1,0]},"inputSourceMap":{"version":3,"sources":["auth.routes.js"],"names":["authRouter","express","Router","userEmail","ifExist","login","authController","signup","reset","updatePassword","updateProfile","confirmation","logout","hasConfirmed","authMiddleware","userExist","isUserAuthInAndVerified","signupValMid","ValidationMiddleware","loginValMid","resetValMid","updatePasswordValMid","updateProfileValMid","post","get","put"],"mappings":";;;;;;;;;;;AAAA;;AACA;;AACA;;AACA;;AACA;;;;;;AAEA,IAAMA,UAAU,GAAGC,oBAAQC,MAAR,EAAnB;;AACA,IAAQC,SAAR,GAAsBC,mBAAtB,CAAQD,SAAR;AACA,IAAQE,KAAR,GAAsFC,0BAAtF,CAAQD,KAAR;AAAA,IAAeE,MAAf,GAAsFD,0BAAtF,CAAeC,MAAf;AAAA,IAAuBC,KAAvB,GAAsFF,0BAAtF,CAAuBE,KAAvB;AAAA,IAA8BC,cAA9B,GAAsFH,0BAAtF,CAA8BG,cAA9B;AAAA,IAA8CC,aAA9C,GAAsFJ,0BAAtF,CAA8CI,aAA9C;AAAA,IAA6DC,YAA7D,GAAsFL,0BAAtF,CAA6DK,YAA7D;AAAA,IAA2EC,MAA3E,GAAsFN,0BAAtF,CAA2EM,MAA3E;AACA,IAAQC,YAAR,GAA6DC,0BAA7D,CAAQD,YAAR;AAAA,IAAsBE,SAAtB,GAA6DD,0BAA7D,CAAsBC,SAAtB;AAAA,IAAiCC,uBAAjC,GAA6DF,0BAA7D,CAAiCE,uBAAjC;AACA,IAAQC,YAAR,GAA8FC,gCAA9F,CAAQD,YAAR;AAAA,IAAsBE,WAAtB,GAA8FD,gCAA9F,CAAsBC,WAAtB;AAAA,IAAmCC,WAAnC,GAA8FF,gCAA9F,CAAmCE,WAAnC;AAAA,IAAgDC,oBAAhD,GAA8FH,gCAA9F,CAAgDG,oBAAhD;AAAA,IAAsEC,mBAAtE,GAA8FJ,gCAA9F,CAAsEI,mBAAtE;AAEAtB,UAAU,CAACuB,IAAX,CAAgB,QAAhB,EAA0BJ,WAA1B,EAAuCJ,SAAvC,EAAkDF,YAAlD,EAAgER,KAAhE;AACAL,UAAU,CAACuB,IAAX,CAAgB,SAAhB,EAA2BN,YAA3B,EAAyCd,SAAzC,EAAoDI,MAApD;AACAP,UAAU,CAACwB,GAAX,CAAe,sBAAf,EAAuCb,YAAvC;AACAX,UAAU,CAACuB,IAAX,CAAgB,QAAhB,EAA0BH,WAA1B,EAAuCZ,KAAvC;AACAR,UAAU,CAACyB,GAAX,CAAe,yBAAf,EAA0CJ,oBAA1C,EAAgEZ,cAAhE;AACAT,UAAU,CAACyB,GAAX,CAAe,iBAAf,EAAkCT,uBAAlC,EAA2DM,mBAA3D,EAAgFZ,aAAhF;AACAV,UAAU,CAACwB,GAAX,CAAe,SAAf,EAA0BR,uBAA1B,EAAmDJ,MAAnD;eAEeZ,U","sourceRoot":"E:\\zzz\\employeems\\src\\routes\\api\\","sourcesContent":["import express, { Router } from \"express\";\r\nimport authController from \"../../controllers/authController\";\r\nimport ValidationMiddleware from '../../middlewares/validationMiddleware';\r\nimport authMiddleware from \"../../middlewares/authMiddleware\";\r\nimport ifExist from \"../../middlewares/ifExist\";\r\n\r\nconst authRouter = express.Router();\r\nconst { userEmail } = ifExist;\r\nconst { login, signup, reset, updatePassword, updateProfile, confirmation, logout } = authController;\r\nconst { hasConfirmed, userExist, isUserAuthInAndVerified } = authMiddleware;\r\nconst { signupValMid, loginValMid, resetValMid, updatePasswordValMid, updateProfileValMid } = ValidationMiddleware;\r\n\r\nauthRouter.post(\"/login\", loginValMid, userExist, hasConfirmed, login);\r\nauthRouter.post(\"/signup\", signupValMid, userEmail, signup);\r\nauthRouter.get(\"/confirmation/:token\", confirmation);\r\nauthRouter.post(\"/reset\", resetValMid, reset);\r\nauthRouter.put(\"/update-password/:token\", updatePasswordValMid, updatePassword);\r\nauthRouter.put(\"/update-profile\", isUserAuthInAndVerified, updateProfileValMid, updateProfile);\r\nauthRouter.get(\"/logout\", isUserAuthInAndVerified, logout);\r\n\r\nexport default authRouter;\r\n"]},"_coverageSchema":"1a1c01bbd47fc00a2c39e90264f33305004495a9","hash":"5ec8d2150b27391d60593080b962fdbfae349f95","contentHash":"c934cd0b112e6b780fd1c2c359276df14e4665a404d77f255634c1106cefb989"},"E:\\zzz\\employeems\\src\\controllers\\authController.js":{"path":"E:\\zzz\\employeems\\src\\controllers\\authController.js","statementMap":{"0":{"start":{"line":3,"column":29},"end":{"line":3,"column":84}},"1":{"start":{"line":5,"column":14},"end":{"line":5,"column":54}},"2":{"start":{"line":7,"column":0},"end":{"line":9,"column":3}},"3":{"start":{"line":10,"column":0},"end":{"line":10,"column":28}},"4":{"start":{"line":12,"column":19},"end":{"line":12,"column":80}},"5":{"start":{"line":14,"column":23},"end":{"line":14,"column":95}},"6":{"start":{"line":16,"column":25},"end":{"line":16,"column":99}},"7":{"start":{"line":18,"column":23},"end":{"line":18,"column":95}},"8":{"start":{"line":20,"column":20},"end":{"line":20,"column":89}},"9":{"start":{"line":22,"column":19},"end":{"line":22,"column":77}},"10":{"start":{"line":24,"column":16},"end":{"line":24,"column":68}},"11":{"start":{"line":26,"column":15},"end":{"line":26,"column":68}},"12":{"start":{"line":28,"column":19},"end":{"line":28,"column":74}},"13":{"start":{"line":30,"column":21},"end":{"line":30,"column":80}},"14":{"start":{"line":32,"column":28},"end":{"line":32,"column":99}},"15":{"start":{"line":34,"column":29},"end":{"line":34,"column":101}},"16":{"start":{"line":36,"column":14},"end":{"line":36,"column":55}},"17":{"start":{"line":38,"column":13},"end":{"line":38,"column":63}},"18":{"start":{"line":40,"column":49},"end":{"line":40,"column":96}},"19":{"start":{"line":40,"column":84},"end":{"line":40,"column":96}},"20":{"start":{"line":40,"column":121},"end":{"line":40,"column":134}},"21":{"start":{"line":40,"column":159},"end":{"line":40,"column":172}},"22":{"start":{"line":40,"column":174},"end":{"line":40,"column":333}},"23":{"start":{"line":40,"column":258},"end":{"line":40,"column":316}},"24":{"start":{"line":42,"column":53},"end":{"line":42,"column":111}},"25":{"start":{"line":42,"column":98},"end":{"line":42,"column":109}},"26":{"start":{"line":42,"column":112},"end":{"line":42,"column":218}},"27":{"start":{"line":42,"column":190},"end":{"line":42,"column":216}},"28":{"start":{"line":42,"column":231},"end":{"line":42,"column":268}},"29":{"start":{"line":42,"column":270},"end":{"line":42,"column":325}},"30":{"start":{"line":42,"column":301},"end":{"line":42,"column":323}},"31":{"start":{"line":42,"column":339},"end":{"line":42,"column":341}},"32":{"start":{"line":42,"column":371},"end":{"line":42,"column":427}},"33":{"start":{"line":42,"column":429},"end":{"line":42,"column":730}},"34":{"start":{"line":42,"column":452},"end":{"line":42,"column":728}},"35":{"start":{"line":42,"column":538},"end":{"line":42,"column":610}},"36":{"start":{"line":42,"column":612},"end":{"line":42,"column":726}},"37":{"start":{"line":42,"column":650},"end":{"line":42,"column":691}},"38":{"start":{"line":42,"column":701},"end":{"line":42,"column":724}},"39":{"start":{"line":42,"column":731},"end":{"line":42,"column":755}},"40":{"start":{"line":42,"column":756},"end":{"line":42,"column":794}},"41":{"start":{"line":42,"column":769},"end":{"line":42,"column":792}},"42":{"start":{"line":42,"column":795},"end":{"line":42,"column":809}},"43":{"start":{"line":44,"column":54},"end":{"line":44,"column":73}},"44":{"start":{"line":44,"column":75},"end":{"line":44,"column":330}},"45":{"start":{"line":44,"column":125},"end":{"line":44,"column":161}},"46":{"start":{"line":44,"column":163},"end":{"line":44,"column":296}},"47":{"start":{"line":44,"column":185},"end":{"line":44,"column":294}},"48":{"start":{"line":44,"column":227},"end":{"line":44,"column":290}},"49":{"start":{"line":44,"column":297},"end":{"line":44,"column":328}},"50":{"start":{"line":44,"column":331},"end":{"line":44,"column":343}},"51":{"start":{"line":46,"column":33},"end":{"line":46,"column":534}},"52":{"start":{"line":46,"column":46},"end":{"line":46,"column":47}},"53":{"start":{"line":46,"column":91},"end":{"line":46,"column":131}},"54":{"start":{"line":46,"column":133},"end":{"line":46,"column":532}},"55":{"start":{"line":46,"column":146},"end":{"line":46,"column":264}},"56":{"start":{"line":46,"column":201},"end":{"line":46,"column":260}},"57":{"start":{"line":46,"column":272},"end":{"line":46,"column":532}},"58":{"start":{"line":46,"column":312},"end":{"line":46,"column":386}},"59":{"start":{"line":46,"column":396},"end":{"line":46,"column":530}},"60":{"start":{"line":46,"column":445},"end":{"line":46,"column":526}},"61":{"start":{"line":46,"column":535},"end":{"line":46,"column":549}},"62":{"start":{"line":48,"column":20},"end":{"line":48,"column":42}},"63":{"start":{"line":49,"column":22},"end":{"line":49,"column":46}},"64":{"start":{"line":50,"column":9},"end":{"line":50,"column":35}},"65":{"start":{"line":51,"column":17},"end":{"line":51,"column":51}},"66":{"start":{"line":52,"column":19},"end":{"line":52,"column":55}},"67":{"start":{"line":53,"column":14},"end":{"line":53,"column":45}},"68":{"start":{"line":54,"column":16},"end":{"line":54,"column":49}},"69":{"start":{"line":55,"column":26},"end":{"line":55,"column":60}},"70":{"start":{"line":56,"column":19},"end":{"line":56,"column":46}},"71":{"start":{"line":57,"column":18},"end":{"line":57,"column":44}},"72":{"start":{"line":58,"column":31},"end":{"line":58,"column":70}},"73":{"start":{"line":59,"column":19},"end":{"line":59,"column":46}},"74":{"start":{"line":60,"column":28},"end":{"line":60,"column":64}},"75":{"start":{"line":61,"column":27},"end":{"line":61,"column":62}},"76":{"start":{"line":62,"column":28},"end":{"line":62,"column":64}},"77":{"start":{"line":63,"column":19},"end":{"line":63,"column":52}},"78":{"start":{"line":64,"column":21},"end":{"line":64,"column":56}},"79":{"start":{"line":65,"column":20},"end":{"line":65,"column":54}},"80":{"start":{"line":66,"column":18},"end":{"line":66,"column":50}},"81":{"start":{"line":68,"column":34},"end":{"line":336,"column":3}},"82":{"start":{"line":70,"column":4},"end":{"line":70,"column":59}},"83":{"start":{"line":73,"column":2},"end":{"line":334,"column":6}},"84":{"start":{"line":76,"column":20},"end":{"line":110,"column":9}},"85":{"start":{"line":79,"column":8},"end":{"line":109,"column":20}},"86":{"start":{"line":80,"column":10},"end":{"line":108,"column":11}},"87":{"start":{"line":81,"column":12},"end":{"line":107,"column":13}},"88":{"start":{"line":83,"column":16},"end":{"line":83,"column":93}},"89":{"start":{"line":84,"column":16},"end":{"line":84,"column":34}},"90":{"start":{"line":85,"column":16},"end":{"line":85,"column":46}},"91":{"start":{"line":88,"column":16},"end":{"line":88,"column":47}},"92":{"start":{"line":89,"column":16},"end":{"line":92,"column":19}},"93":{"start":{"line":93,"column":16},"end":{"line":93,"column":34}},"94":{"start":{"line":94,"column":16},"end":{"line":94,"column":65}},"95":{"start":{"line":97,"column":16},"end":{"line":97,"column":42}},"96":{"start":{"line":98,"column":16},"end":{"line":98,"column":50}},"97":{"start":{"line":99,"column":16},"end":{"line":99,"column":89}},"98":{"start":{"line":100,"column":16},"end":{"line":100,"column":83}},"99":{"start":{"line":101,"column":16},"end":{"line":101,"column":35}},"100":{"start":{"line":102,"column":16},"end":{"line":102,"column":129}},"101":{"start":{"line":106,"column":16},"end":{"line":106,"column":39}},"102":{"start":{"line":113,"column":8},"end":{"line":113,"column":46}},"103":{"start":{"line":116,"column":6},"end":{"line":116,"column":20}},"104":{"start":{"line":121,"column":26},"end":{"line":147,"column":9}},"105":{"start":{"line":124,"column":8},"end":{"line":146,"column":21}},"106":{"start":{"line":125,"column":10},"end":{"line":145,"column":11}},"107":{"start":{"line":126,"column":12},"end":{"line":144,"column":13}},"108":{"start":{"line":128,"column":16},"end":{"line":128,"column":41}},"109":{"start":{"line":129,"column":16},"end":{"line":129,"column":93}},"110":{"start":{"line":130,"column":16},"end":{"line":130,"column":35}},"111":{"start":{"line":131,"column":16},"end":{"line":135,"column":19}},"112":{"start":{"line":138,"column":16},"end":{"line":138,"column":40}},"113":{"start":{"line":139,"column":16},"end":{"line":139,"column":116}},"114":{"start":{"line":143,"column":16},"end":{"line":143,"column":40}},"115":{"start":{"line":150,"column":8},"end":{"line":150,"column":52}},"116":{"start":{"line":153,"column":6},"end":{"line":153,"column":26}},"117":{"start":{"line":158,"column":19},"end":{"line":186,"column":9}},"118":{"start":{"line":160,"column":8},"end":{"line":185,"column":21}},"119":{"start":{"line":161,"column":10},"end":{"line":184,"column":11}},"120":{"start":{"line":162,"column":12},"end":{"line":183,"column":13}},"121":{"start":{"line":164,"column":16},"end":{"line":164,"column":45}},"122":{"start":{"line":165,"column":16},"end":{"line":165,"column":45}},"123":{"start":{"line":166,"column":16},"end":{"line":166,"column":35}},"124":{"start":{"line":167,"column":16},"end":{"line":167,"column":54}},"125":{"start":{"line":170,"column":16},"end":{"line":173,"column":17}},"126":{"start":{"line":171,"column":18},"end":{"line":171,"column":37}},"127":{"start":{"line":172,"column":18},"end":{"line":172,"column":24}},"128":{"start":{"line":175,"column":16},"end":{"line":175,"column":97}},"129":{"start":{"line":178,"column":16},"end":{"line":178,"column":211}},"130":{"start":{"line":182,"column":16},"end":{"line":182,"column":40}},"131":{"start":{"line":189,"column":8},"end":{"line":189,"column":45}},"132":{"start":{"line":192,"column":6},"end":{"line":192,"column":19}},"133":{"start":{"line":197,"column":19},"end":{"line":236,"column":9}},"134":{"start":{"line":199,"column":8},"end":{"line":235,"column":21}},"135":{"start":{"line":200,"column":10},"end":{"line":234,"column":11}},"136":{"start":{"line":201,"column":12},"end":{"line":233,"column":13}},"137":{"start":{"line":203,"column":16},"end":{"line":203,"column":39}},"138":{"start":{"line":204,"column":16},"end":{"line":204,"column":35}},"139":{"start":{"line":205,"column":16},"end":{"line":207,"column":19}},"140":{"start":{"line":210,"column":16},"end":{"line":210,"column":38}},"141":{"start":{"line":212,"column":16},"end":{"line":215,"column":17}},"142":{"start":{"line":213,"column":18},"end":{"line":213,"column":38}},"143":{"start":{"line":214,"column":18},"end":{"line":214,"column":24}},"144":{"start":{"line":217,"column":16},"end":{"line":217,"column":41}},"145":{"start":{"line":218,"column":16},"end":{"line":218,"column":85}},"146":{"start":{"line":219,"column":16},"end":{"line":219,"column":86}},"147":{"start":{"line":220,"column":16},"end":{"line":220,"column":36}},"148":{"start":{"line":221,"column":16},"end":{"line":221,"column":126}},"149":{"start":{"line":224,"column":16},"end":{"line":224,"column":36}},"150":{"start":{"line":225,"column":16},"end":{"line":225,"column":22}},"151":{"start":{"line":228,"column":16},"end":{"line":228,"column":107}},"152":{"start":{"line":232,"column":16},"end":{"line":232,"column":40}},"153":{"start":{"line":239,"column":8},"end":{"line":239,"column":45}},"154":{"start":{"line":242,"column":6},"end":{"line":242,"column":19}},"155":{"start":{"line":247,"column":28},"end":{"line":280,"column":9}},"156":{"start":{"line":250,"column":8},"end":{"line":279,"column":21}},"157":{"start":{"line":251,"column":10},"end":{"line":278,"column":11}},"158":{"start":{"line":252,"column":12},"end":{"line":277,"column":13}},"159":{"start":{"line":254,"column":16},"end":{"line":254,"column":41}},"160":{"start":{"line":255,"column":16},"end":{"line":255,"column":45}},"161":{"start":{"line":256,"column":16},"end":{"line":256,"column":101}},"162":{"start":{"line":257,"column":16},"end":{"line":257,"column":35}},"163":{"start":{"line":258,"column":16},"end":{"line":258,"column":46}},"164":{"start":{"line":261,"column":16},"end":{"line":261,"column":48}},"165":{"start":{"line":262,"column":16},"end":{"line":262,"column":35}},"166":{"start":{"line":263,"column":16},"end":{"line":267,"column":19}},"167":{"start":{"line":270,"column":16},"end":{"line":270,"column":38}},"168":{"start":{"line":271,"column":16},"end":{"line":271,"column":51}},"169":{"start":{"line":272,"column":16},"end":{"line":272,"column":161}},"170":{"start":{"line":276,"column":16},"end":{"line":276,"column":40}},"171":{"start":{"line":283,"column":8},"end":{"line":283,"column":54}},"172":{"start":{"line":286,"column":6},"end":{"line":286,"column":28}},"173":{"start":{"line":291,"column":27},"end":{"line":314,"column":9}},"174":{"start":{"line":293,"column":8},"end":{"line":313,"column":21}},"175":{"start":{"line":294,"column":10},"end":{"line":312,"column":11}},"176":{"start":{"line":295,"column":12},"end":{"line":311,"column":13}},"177":{"start":{"line":297,"column":16},"end":{"line":297,"column":40}},"178":{"start":{"line":298,"column":16},"end":{"line":298,"column":35}},"179":{"start":{"line":299,"column":16},"end":{"line":301,"column":19}},"180":{"start":{"line":304,"column":16},"end":{"line":304,"column":38}},"181":{"start":{"line":305,"column":16},"end":{"line":305,"column":51}},"182":{"start":{"line":306,"column":16},"end":{"line":306,"column":160}},"183":{"start":{"line":310,"column":16},"end":{"line":310,"column":40}},"184":{"start":{"line":317,"column":8},"end":{"line":317,"column":53}},"185":{"start":{"line":320,"column":6},"end":{"line":320,"column":27}},"186":{"start":{"line":325,"column":18},"end":{"line":325,"column":33}},"187":{"start":{"line":326,"column":6},"end":{"line":326,"column":26}},"188":{"start":{"line":327,"column":6},"end":{"line":327,"column":25}},"189":{"start":{"line":328,"column":6},"end":{"line":328,"column":25}},"190":{"start":{"line":330,"column":6},"end":{"line":330,"column":45}},"191":{"start":{"line":332,"column":6},"end":{"line":332,"column":83}},"192":{"start":{"line":335,"column":2},"end":{"line":335,"column":24}},"193":{"start":{"line":338,"column":0},"end":{"line":338,"column":36}}},"fnMap":{"0":{"name":"_getRequireWildcardCache","decl":{"start":{"line":40,"column":9},"end":{"line":40,"column":33}},"loc":{"start":{"line":40,"column":47},"end":{"line":40,"column":335}},"line":40},"1":{"name":"_getRequireWildcardCache","decl":{"start":{"line":40,"column":218},"end":{"line":40,"column":242}},"loc":{"start":{"line":40,"column":256},"end":{"line":40,"column":318}},"line":40},"2":{"name":"_interopRequireWildcard","decl":{"start":{"line":42,"column":9},"end":{"line":42,"column":32}},"loc":{"start":{"line":42,"column":51},"end":{"line":42,"column":811}},"line":42},"3":{"name":"ownKeys","decl":{"start":{"line":44,"column":9},"end":{"line":44,"column":16}},"loc":{"start":{"line":44,"column":41},"end":{"line":44,"column":345}},"line":44},"4":{"name":"(anonymous_4)","decl":{"start":{"line":44,"column":210},"end":{"line":44,"column":211}},"loc":{"start":{"line":44,"column":225},"end":{"line":44,"column":292}},"line":44},"5":{"name":"_objectSpread","decl":{"start":{"line":46,"column":9},"end":{"line":46,"column":22}},"loc":{"start":{"line":46,"column":31},"end":{"line":46,"column":551}},"line":46},"6":{"name":"(anonymous_6)","decl":{"start":{"line":46,"column":184},"end":{"line":46,"column":185}},"loc":{"start":{"line":46,"column":199},"end":{"line":46,"column":262}},"line":46},"7":{"name":"(anonymous_7)","decl":{"start":{"line":46,"column":428},"end":{"line":46,"column":429}},"loc":{"start":{"line":46,"column":443},"end":{"line":46,"column":528}},"line":46},"8":{"name":"(anonymous_8)","decl":{"start":{"line":68,"column":34},"end":{"line":68,"column":35}},"loc":{"start":{"line":68,"column":46},"end":{"line":336,"column":1}},"line":68},"9":{"name":"authController","decl":{"start":{"line":69,"column":11},"end":{"line":69,"column":25}},"loc":{"start":{"line":69,"column":28},"end":{"line":71,"column":3}},"line":69},"10":{"name":"(anonymous_10)","decl":{"start":{"line":75,"column":11},"end":{"line":75,"column":12}},"loc":{"start":{"line":75,"column":23},"end":{"line":117,"column":5}},"line":75},"11":{"name":"_callee","decl":{"start":{"line":76,"column":107},"end":{"line":76,"column":114}},"loc":{"start":{"line":76,"column":125},"end":{"line":110,"column":7}},"line":76},"12":{"name":"_callee$","decl":{"start":{"line":79,"column":53},"end":{"line":79,"column":61}},"loc":{"start":{"line":79,"column":72},"end":{"line":109,"column":9}},"line":79},"13":{"name":"signup","decl":{"start":{"line":112,"column":15},"end":{"line":112,"column":21}},"loc":{"start":{"line":112,"column":31},"end":{"line":114,"column":7}},"line":112},"14":{"name":"(anonymous_14)","decl":{"start":{"line":120,"column":11},"end":{"line":120,"column":12}},"loc":{"start":{"line":120,"column":23},"end":{"line":154,"column":5}},"line":120},"15":{"name":"_callee2","decl":{"start":{"line":121,"column":113},"end":{"line":121,"column":121}},"loc":{"start":{"line":121,"column":132},"end":{"line":147,"column":7}},"line":121},"16":{"name":"_callee2$","decl":{"start":{"line":124,"column":53},"end":{"line":124,"column":62}},"loc":{"start":{"line":124,"column":74},"end":{"line":146,"column":9}},"line":124},"17":{"name":"confirmation","decl":{"start":{"line":149,"column":15},"end":{"line":149,"column":27}},"loc":{"start":{"line":149,"column":38},"end":{"line":151,"column":7}},"line":149},"18":{"name":"(anonymous_18)","decl":{"start":{"line":157,"column":11},"end":{"line":157,"column":12}},"loc":{"start":{"line":157,"column":23},"end":{"line":193,"column":5}},"line":157},"19":{"name":"_callee3","decl":{"start":{"line":158,"column":106},"end":{"line":158,"column":114}},"loc":{"start":{"line":158,"column":125},"end":{"line":186,"column":7}},"line":158},"20":{"name":"_callee3$","decl":{"start":{"line":160,"column":53},"end":{"line":160,"column":62}},"loc":{"start":{"line":160,"column":74},"end":{"line":185,"column":9}},"line":160},"21":{"name":"login","decl":{"start":{"line":188,"column":15},"end":{"line":188,"column":20}},"loc":{"start":{"line":188,"column":31},"end":{"line":190,"column":7}},"line":188},"22":{"name":"(anonymous_22)","decl":{"start":{"line":196,"column":11},"end":{"line":196,"column":12}},"loc":{"start":{"line":196,"column":23},"end":{"line":243,"column":5}},"line":196},"23":{"name":"_callee4","decl":{"start":{"line":197,"column":106},"end":{"line":197,"column":114}},"loc":{"start":{"line":197,"column":125},"end":{"line":236,"column":7}},"line":197},"24":{"name":"_callee4$","decl":{"start":{"line":199,"column":53},"end":{"line":199,"column":62}},"loc":{"start":{"line":199,"column":74},"end":{"line":235,"column":9}},"line":199},"25":{"name":"reset","decl":{"start":{"line":238,"column":15},"end":{"line":238,"column":20}},"loc":{"start":{"line":238,"column":31},"end":{"line":240,"column":7}},"line":238},"26":{"name":"(anonymous_26)","decl":{"start":{"line":246,"column":11},"end":{"line":246,"column":12}},"loc":{"start":{"line":246,"column":23},"end":{"line":287,"column":5}},"line":246},"27":{"name":"_callee5","decl":{"start":{"line":247,"column":115},"end":{"line":247,"column":123}},"loc":{"start":{"line":247,"column":134},"end":{"line":280,"column":7}},"line":247},"28":{"name":"_callee5$","decl":{"start":{"line":250,"column":53},"end":{"line":250,"column":62}},"loc":{"start":{"line":250,"column":74},"end":{"line":279,"column":9}},"line":250},"29":{"name":"updatePassword","decl":{"start":{"line":282,"column":15},"end":{"line":282,"column":29}},"loc":{"start":{"line":282,"column":41},"end":{"line":284,"column":7}},"line":282},"30":{"name":"(anonymous_30)","decl":{"start":{"line":290,"column":11},"end":{"line":290,"column":12}},"loc":{"start":{"line":290,"column":23},"end":{"line":321,"column":5}},"line":290},"31":{"name":"_callee6","decl":{"start":{"line":291,"column":114},"end":{"line":291,"column":122}},"loc":{"start":{"line":291,"column":133},"end":{"line":314,"column":7}},"line":291},"32":{"name":"_callee6$","decl":{"start":{"line":293,"column":53},"end":{"line":293,"column":62}},"loc":{"start":{"line":293,"column":74},"end":{"line":313,"column":9}},"line":293},"33":{"name":"updateProfile","decl":{"start":{"line":316,"column":15},"end":{"line":316,"column":28}},"loc":{"start":{"line":316,"column":41},"end":{"line":318,"column":7}},"line":316},"34":{"name":"logout","decl":{"start":{"line":324,"column":20},"end":{"line":324,"column":26}},"loc":{"start":{"line":324,"column":37},"end":{"line":333,"column":5}},"line":324}},"branchMap":{"0":{"loc":{"start":{"line":40,"column":49},"end":{"line":40,"column":96}},"type":"if","locations":[{"start":{"line":40,"column":49},"end":{"line":40,"column":96}},{"start":{"line":40,"column":49},"end":{"line":40,"column":96}}],"line":40},"1":{"loc":{"start":{"line":40,"column":265},"end":{"line":40,"column":315}},"type":"cond-expr","locations":[{"start":{"line":40,"column":279},"end":{"line":40,"column":295}},{"start":{"line":40,"column":298},"end":{"line":40,"column":315}}],"line":40},"2":{"loc":{"start":{"line":42,"column":53},"end":{"line":42,"column":111}},"type":"if","locations":[{"start":{"line":42,"column":53},"end":{"line":42,"column":111}},{"start":{"line":42,"column":53},"end":{"line":42,"column":111}}],"line":42},"3":{"loc":{"start":{"line":42,"column":57},"end":{"line":42,"column":94}},"type":"binary-expr","locations":[{"start":{"line":42,"column":57},"end":{"line":42,"column":69}},{"start":{"line":42,"column":73},"end":{"line":42,"column":76}},{"start":{"line":42,"column":80},"end":{"line":42,"column":94}}],"line":42},"4":{"loc":{"start":{"line":42,"column":112},"end":{"line":42,"column":218}},"type":"if","locations":[{"start":{"line":42,"column":112},"end":{"line":42,"column":218}},{"start":{"line":42,"column":112},"end":{"line":42,"column":218}}],"line":42},"5":{"loc":{"start":{"line":42,"column":116},"end":{"line":42,"column":186}},"type":"binary-expr","locations":[{"start":{"line":42,"column":116},"end":{"line":42,"column":128}},{"start":{"line":42,"column":132},"end":{"line":42,"column":157}},{"start":{"line":42,"column":161},"end":{"line":42,"column":186}}],"line":42},"6":{"loc":{"start":{"line":42,"column":270},"end":{"line":42,"column":325}},"type":"if","locations":[{"start":{"line":42,"column":270},"end":{"line":42,"column":325}},{"start":{"line":42,"column":270},"end":{"line":42,"column":325}}],"line":42},"7":{"loc":{"start":{"line":42,"column":274},"end":{"line":42,"column":297}},"type":"binary-expr","locations":[{"start":{"line":42,"column":274},"end":{"line":42,"column":279}},{"start":{"line":42,"column":283},"end":{"line":42,"column":297}}],"line":42},"8":{"loc":{"start":{"line":42,"column":371},"end":{"line":42,"column":427}},"type":"binary-expr","locations":[{"start":{"line":42,"column":371},"end":{"line":42,"column":392}},{"start":{"line":42,"column":396},"end":{"line":42,"column":427}}],"line":42},"9":{"loc":{"start":{"line":42,"column":452},"end":{"line":42,"column":728}},"type":"if","locations":[{"start":{"line":42,"column":452},"end":{"line":42,"column":728}},{"start":{"line":42,"column":452},"end":{"line":42,"column":728}}],"line":42},"10":{"loc":{"start":{"line":42,"column":456},"end":{"line":42,"column":523}},"type":"binary-expr","locations":[{"start":{"line":42,"column":456},"end":{"line":42,"column":473}},{"start":{"line":42,"column":477},"end":{"line":42,"column":523}}],"line":42},"11":{"loc":{"start":{"line":42,"column":538},"end":{"line":42,"column":610}},"type":"cond-expr","locations":[{"start":{"line":42,"column":562},"end":{"line":42,"column":603}},{"start":{"line":42,"column":606},"end":{"line":42,"column":610}}],"line":42},"12":{"loc":{"start":{"line":42,"column":612},"end":{"line":42,"column":726}},"type":"if","locations":[{"start":{"line":42,"column":612},"end":{"line":42,"column":726}},{"start":{"line":42,"column":612},"end":{"line":42,"column":726}}],"line":42},"13":{"loc":{"start":{"line":42,"column":616},"end":{"line":42,"column":646}},"type":"binary-expr","locations":[{"start":{"line":42,"column":616},"end":{"line":42,"column":620}},{"start":{"line":42,"column":625},"end":{"line":42,"column":633}},{"start":{"line":42,"column":637},"end":{"line":42,"column":645}}],"line":42},"14":{"loc":{"start":{"line":42,"column":756},"end":{"line":42,"column":794}},"type":"if","locations":[{"start":{"line":42,"column":756},"end":{"line":42,"column":794}},{"start":{"line":42,"column":756},"end":{"line":42,"column":794}}],"line":42},"15":{"loc":{"start":{"line":44,"column":75},"end":{"line":44,"column":330}},"type":"if","locations":[{"start":{"line":44,"column":75},"end":{"line":44,"column":330}},{"start":{"line":44,"column":75},"end":{"line":44,"column":330}}],"line":44},"16":{"loc":{"start":{"line":44,"column":163},"end":{"line":44,"column":296}},"type":"if","locations":[{"start":{"line":44,"column":163},"end":{"line":44,"column":296}},{"start":{"line":44,"column":163},"end":{"line":44,"column":296}}],"line":44},"17":{"loc":{"start":{"line":46,"column":91},"end":{"line":46,"column":131}},"type":"cond-expr","locations":[{"start":{"line":46,"column":114},"end":{"line":46,"column":126}},{"start":{"line":46,"column":129},"end":{"line":46,"column":131}}],"line":46},"18":{"loc":{"start":{"line":46,"column":133},"end":{"line":46,"column":532}},"type":"if","locations":[{"start":{"line":46,"column":133},"end":{"line":46,"column":532}},{"start":{"line":46,"column":133},"end":{"line":46,"column":532}}],"line":46},"19":{"loc":{"start":{"line":46,"column":272},"end":{"line":46,"column":532}},"type":"if","locations":[{"start":{"line":46,"column":272},"end":{"line":46,"column":532}},{"start":{"line":46,"column":272},"end":{"line":46,"column":532}}],"line":46},"20":{"loc":{"start":{"line":81,"column":12},"end":{"line":107,"column":13}},"type":"switch","locations":[{"start":{"line":82,"column":14},"end":{"line":85,"column":46}},{"start":{"line":87,"column":14},"end":{"line":94,"column":65}},{"start":{"line":96,"column":14},"end":{"line":102,"column":129}},{"start":{"line":104,"column":14},"end":{"line":104,"column":22}},{"start":{"line":105,"column":14},"end":{"line":106,"column":39}}],"line":81},"21":{"loc":{"start":{"line":126,"column":12},"end":{"line":144,"column":13}},"type":"switch","locations":[{"start":{"line":127,"column":14},"end":{"line":135,"column":19}},{"start":{"line":137,"column":14},"end":{"line":139,"column":116}},{"start":{"line":141,"column":14},"end":{"line":141,"column":21}},{"start":{"line":142,"column":14},"end":{"line":143,"column":40}}],"line":126},"22":{"loc":{"start":{"line":162,"column":12},"end":{"line":183,"column":13}},"type":"switch","locations":[{"start":{"line":163,"column":14},"end":{"line":167,"column":54}},{"start":{"line":169,"column":14},"end":{"line":175,"column":97}},{"start":{"line":177,"column":14},"end":{"line":178,"column":211}},{"start":{"line":180,"column":14},"end":{"line":180,"column":21}},{"start":{"line":181,"column":14},"end":{"line":182,"column":40}}],"line":162},"23":{"loc":{"start":{"line":170,"column":16},"end":{"line":173,"column":17}},"type":"if","locations":[{"start":{"line":170,"column":16},"end":{"line":173,"column":17}},{"start":{"line":170,"column":16},"end":{"line":173,"column":17}}],"line":170},"24":{"loc":{"start":{"line":201,"column":12},"end":{"line":233,"column":13}},"type":"switch","locations":[{"start":{"line":202,"column":14},"end":{"line":207,"column":19}},{"start":{"line":209,"column":14},"end":{"line":221,"column":126}},{"start":{"line":223,"column":14},"end":{"line":225,"column":22}},{"start":{"line":227,"column":14},"end":{"line":228,"column":107}},{"start":{"line":230,"column":14},"end":{"line":230,"column":22}},{"start":{"line":231,"column":14},"end":{"line":232,"column":40}}],"line":201},"25":{"loc":{"start":{"line":212,"column":16},"end":{"line":215,"column":17}},"type":"if","locations":[{"start":{"line":212,"column":16},"end":{"line":215,"column":17}},{"start":{"line":212,"column":16},"end":{"line":215,"column":17}}],"line":212},"26":{"loc":{"start":{"line":252,"column":12},"end":{"line":277,"column":13}},"type":"switch","locations":[{"start":{"line":253,"column":14},"end":{"line":258,"column":46}},{"start":{"line":260,"column":14},"end":{"line":267,"column":19}},{"start":{"line":269,"column":14},"end":{"line":272,"column":161}},{"start":{"line":274,"column":14},"end":{"line":274,"column":22}},{"start":{"line":275,"column":14},"end":{"line":276,"column":40}}],"line":252},"27":{"loc":{"start":{"line":295,"column":12},"end":{"line":311,"column":13}},"type":"switch","locations":[{"start":{"line":296,"column":14},"end":{"line":301,"column":19}},{"start":{"line":303,"column":14},"end":{"line":306,"column":160}},{"start":{"line":308,"column":14},"end":{"line":308,"column":21}},{"start":{"line":309,"column":14},"end":{"line":310,"column":40}}],"line":295}},"s":{"0":1,"1":1,"2":1,"3":1,"4":1,"5":1,"6":1,"7":1,"8":1,"9":1,"10":1,"11":1,"12":1,"13":1,"14":1,"15":1,"16":1,"17":1,"18":0,"19":0,"20":0,"21":0,"22":0,"23":0,"24":2,"25":2,"26":0,"27":0,"28":0,"29":0,"30":0,"31":0,"32":0,"33":0,"34":0,"35":0,"36":0,"37":0,"38":0,"39":0,"40":0,"41":0,"42":0,"43":4,"44":4,"45":4,"46":4,"47":4,"48":0,"49":4,"50":4,"51":4,"52":4,"53":6,"54":6,"55":4,"56":10,"57":2,"58":2,"59":0,"60":0,"61":4,"62":1,"63":1,"64":1,"65":1,"66":1,"67":1,"68":1,"69":1,"70":1,"71":1,"72":1,"73":1,"74":1,"75":1,"76":1,"77":1,"78":1,"79":1,"80":1,"81":1,"82":0,"83":1,"84":1,"85":2,"86":8,"87":8,"88":2,"89":2,"90":2,"91":2,"92":2,"93":2,"94":2,"95":2,"96":2,"97":2,"98":2,"99":2,"100":2,"101":2,"102":2,"103":1,"104":1,"105":2,"106":4,"107":4,"108":2,"109":2,"110":0,"111":0,"112":0,"113":0,"114":2,"115":2,"116":1,"117":1,"118":0,"119":0,"120":0,"121":0,"122":0,"123":0,"124":0,"125":0,"126":0,"127":0,"128":0,"129":0,"130":0,"131":0,"132":1,"133":1,"134":2,"135":6,"136":8,"137":2,"138":2,"139":2,"140":2,"141":2,"142":1,"143":1,"144":1,"145":1,"146":1,"147":1,"148":1,"149":1,"150":1,"151":1,"152":2,"153":2,"154":1,"155":1,"156":1,"157":2,"158":2,"159":1,"160":1,"161":1,"162":0,"163":0,"164":0,"165":0,"166":0,"167":0,"168":0,"169":0,"170":1,"171":1,"172":1,"173":1,"174":0,"175":0,"176":0,"177":0,"178":0,"179":0,"180":0,"181":0,"182":0,"183":0,"184":0,"185":1,"186":0,"187":0,"188":0,"189":0,"190":0,"191":0,"192":1,"193":1},"f":{"0":0,"1":0,"2":2,"3":4,"4":0,"5":4,"6":10,"7":0,"8":1,"9":0,"10":1,"11":2,"12":8,"13":2,"14":1,"15":2,"16":4,"17":2,"18":1,"19":0,"20":0,"21":0,"22":1,"23":2,"24":6,"25":2,"26":1,"27":1,"28":2,"29":1,"30":1,"31":0,"32":0,"33":0,"34":0},"b":{"0":[0,0],"1":[0,0],"2":[2,0],"3":[2,2,2],"4":[0,0],"5":[0,0,0],"6":[0,0],"7":[0,0],"8":[0,0],"9":[0,0],"10":[0,0],"11":[0,0],"12":[0,0],"13":[0,0,0],"14":[0,0],"15":[4,0],"16":[4,0],"17":[6,0],"18":[4,2],"19":[2,0],"20":[2,2,2,2,2],"21":[2,0,0,2],"22":[0,0,0,0,0],"23":[0,0],"24":[2,2,1,1,1,2],"25":[1,1],"26":[1,0,0,0,1],"27":[0,0,0,0]},"inputSourceMap":{"version":3,"sources":["authController.js"],"names":["errorResponse","response","successResponse","ok","statusCodes","badRequest","unAuthorized","created","forbidden","confirmationsuccess","customMessages","loginsuccess","loginfailed","resetIncorrectEmailError","resetsuccess","updatePasswordsuccess","updateProfileSuccess","loggedOutSuccessfully","hashPassword","authUtils","isPasswordTrue","generateToken","decodeToken","verifyToken","authController","req","res","body","email","password","hashedPassword","userData","toLowerCase","UserServices","saveAll","savedUser","dataValues","token","_","omit","url","params","process","env","JWT_KEY","id","updateBy","confirmed","result","undefined","pass","getOneBy","user","sessionUser","query","console","log","redisClient","sadd"],"mappings":";;;;;;;;;;;;;;;;;;;;;AAAA;;AACA;;AACA;;AACA;;AACA;;AACA;;AACA;;AACA;;AACA;;;;;;;;;;AAEA,IAAQA,aAAR,GAA2CC,QAA3C,CAAQD,aAAR;AAAA,IAAuBE,eAAvB,GAA2CD,QAA3C,CAAuBC,eAAvB;AACA,IAAQC,EAAR,GAA6DC,uBAA7D,CAAQD,EAAR;AAAA,IAAYE,UAAZ,GAA6DD,uBAA7D,CAAYC,UAAZ;AAAA,IAAwBC,YAAxB,GAA6DF,uBAA7D,CAAwBE,YAAxB;AAAA,IAAsCC,OAAtC,GAA6DH,uBAA7D,CAAsCG,OAAtC;AAAA,IAA+CC,SAA/C,GAA6DJ,uBAA7D,CAA+CI,SAA/C;AACA,IAAQC,mBAAR,GAAuKC,cAAvK,CAAQD,mBAAR;AAAA,IAA6BE,YAA7B,GAAuKD,cAAvK,CAA6BC,YAA7B;AAAA,IAA2CC,WAA3C,GAAuKF,cAAvK,CAA2CE,WAA3C;AAAA,IAAwDC,wBAAxD,GAAuKH,cAAvK,CAAwDG,wBAAxD;AAAA,IAAkFC,YAAlF,GAAuKJ,cAAvK,CAAkFI,YAAlF;AAAA,IAAgGC,qBAAhG,GAAuKL,cAAvK,CAAgGK,qBAAhG;AAAA,IAAuHC,oBAAvH,GAAuKN,cAAvK,CAAuHM,oBAAvH;AAAA,IAA6IC,qBAA7I,GAAuKP,cAAvK,CAA6IO,qBAA7I;AAEA,IAAQC,YAAR,GAAiFC,oBAAjF,CAAQD,YAAR;AAAA,IAAsBE,cAAtB,GAAiFD,oBAAjF,CAAsBC,cAAtB;AAAA,IAAsCC,aAAtC,GAAiFF,oBAAjF,CAAsCE,aAAtC;AAAA,IAAiEC,WAAjE,GAAiFH,oBAAjF,CAAqDI,WAArD;;IACqBC,c;;;;;;;;kGACnB,iBAAoBC,GAApB,EAAyBC,GAAzB;AAAA;;AAAA;AAAA;AAAA;AAAA;AAAA,4BACgCD,GAAG,CAACE,IADpC,EACYC,KADZ,aACYA,KADZ,EACmBC,QADnB,aACmBA,QADnB;AAAA;AAAA,uBAEiCX,YAAY,CAACW,QAAD,CAF7C;;AAAA;AAEUC,gBAAAA,cAFV;AAGUC,gBAAAA,QAHV,mCAISN,GAAG,CAACE,IAJb;AAKMC,kBAAAA,KAAK,EAAEA,KAAK,CAACI,WAAN,EALb;AAMMH,kBAAAA,QAAQ,EAAEC;AANhB;AAAA;AAAA,uBAQ4BG,wBAAaC,OAAb,CAAqBH,QAArB,CAR5B;;AAAA;AAQUI,gBAAAA,SARV;AASYC,gBAAAA,UATZ,GAS2BD,SAT3B,CASYC,UATZ;AAUUC,gBAAAA,KAVV,GAUkBhB,aAAa,CAACiB,mBAAEC,IAAF,CAAOH,UAAP,EAAmB,CAAC,UAAD,CAAnB,CAAD,CAV/B;AAWUI,gBAAAA,GAXV,yDAW+DH,KAX/D;AAAA;AAAA,uBAYU,sCAAsBX,GAAtB,EAA2BY,mBAAEC,IAAF,CAAOH,UAAP,EAAmB,CAAC,UAAD,CAAnB,CAA3B,EAA6DI,GAA7D,EAAkEH,KAAlE,CAZV;;AAAA;AAAA;AAAA;AAAA;AAAA;AAAA;AAAA,O;;;;;;;;;;;wGAgBA,kBAA0BZ,GAA1B,EAA+BC,GAA/B;AAAA;;AAAA;AAAA;AAAA;AAAA;AACUW,gBAAAA,KADV,GACoBZ,GAAG,CAACgB,MADxB,CACUJ,KADV;AAAA,+BAEef,WAAW,CAACe,KAAD,EAAQK,OAAO,CAACC,GAAR,CAAYC,OAApB,CAF1B,EAESC,EAFT,gBAESA,EAFT;AAAA;AAAA,uBAGuBZ,wBAAaa,QAAb,CAAsB;AAACC,kBAAAA,SAAS,EAAE;AAAZ,iBAAtB,EAAyC;AAACF,kBAAAA,EAAE,EAAFA;AAAD,iBAAzC,CAHvB;;AAAA;AAGQG,gBAAAA,MAHR;AAAA,kDAIS9C,eAAe,CAACwB,GAAD,EAAMvB,EAAN,EAAUM,mBAAV,EAA+BuC,MAA/B,EAAuCC,SAAvC,CAJxB;;AAAA;AAAA;AAAA;AAAA;AAAA;AAAA;AAAA,O;;;;;;;;;;;iGAQA,kBAAmBxB,GAAnB,EAAwBC,GAAxB;AAAA;AAAA;AAAA;AAAA;AAAA;AACYG,gBAAAA,QADZ,GACyBJ,GAAG,CAACE,IAD7B,CACYE,QADZ;AAEoBqB,gBAAAA,IAFpB,GAE4BzB,GAAG,CAACM,QAFhC,CAEWF,QAFX;AAAA;AAAA,uBAGeT,cAAc,CAACS,QAAD,EAAWqB,IAAX,CAH7B;;AAAA;AAAA;AAAA;AAAA;AAAA;;AAAA,kDAIalD,aAAa,CAAC0B,GAAD,EAAMpB,YAAN,EAAoBM,WAApB,CAJ1B;;AAAA;AAAA,kDAMWV,eAAe,CAACwB,GAAD,EAAMvB,EAAN,EAAUQ,YAAV,EAAwB2B,mBAAEC,IAAF,CAAOd,GAAG,CAACM,QAAX,EAAqB,CAAC,UAAD,CAArB,CAAxB,EAA4DV,aAAa,CAACiB,mBAAEC,IAAF,CAAOd,GAAG,CAACM,QAAX,EAAqB,CAAC,UAAD,CAArB,CAAD,CAAzE,CAN1B;;AAAA;AAAA;AAAA;AAAA;AAAA;AAAA;AAAA,O;;;;;;;;;;;iGAUA,kBAAmBN,GAAnB,EAAwBC,GAAxB;AAAA;AAAA;AAAA;AAAA;AAAA;AACUE,gBAAAA,KADV,GACoBH,GAAG,CAACE,IADxB,CACUC,KADV;AAAA;AAAA,uBAEuBK,wBAAakB,QAAb,CAAsB;AAAEvB,kBAAAA,KAAK,EAAEA,KAAK,CAACI,WAAN;AAAT,iBAAtB,CAFvB;;AAAA;AAEUoB,gBAAAA,IAFV;;AAAA,qBAGQA,IAHR;AAAA;AAAA;AAAA;;AAIYJ,gBAAAA,MAJZ,GAIqBI,IAAI,CAAChB,UAJ1B;AAKYC,gBAAAA,KALZ,GAKoBhB,aAAa,CAACiB,mBAAEC,IAAF,CAAOS,MAAP,EAAe,CAAC,UAAD,CAAf,CAAD,CALjC;AAMYR,gBAAAA,GANZ,4DAMoEH,KANpE;AAAA;AAAA,uBAOY,uCAAsBX,GAAtB,EAA2BY,mBAAEC,IAAF,CAAOS,MAAP,EAAe,CAAC,UAAD,CAAf,CAA3B,EAAyDR,GAAzD,EAA8DH,KAA9D,CAPZ;;AAAA;AAAA;AAAA;;AAAA;AAAA,kDASarC,aAAa,CAAC0B,GAAD,EAAMlB,SAAN,EAAiBK,wBAAjB,CAT1B;;AAAA;AAAA;AAAA;AAAA;AAAA;AAAA;AAAA,O;;;;;;;;;;;0GAcA,kBAA4BY,GAA5B,EAAiCC,GAAjC;AAAA;;AAAA;AAAA;AAAA;AAAA;AACUW,gBAAAA,KADV,GACoBZ,GAAG,CAACgB,MADxB,CACUJ,KADV;AAEUR,gBAAAA,QAFV,GAEuBJ,GAAG,CAACE,IAF3B,CAEUE,QAFV;AAAA,gCAGkBP,WAAW,CAACe,KAAD,EAAQK,OAAO,CAACC,GAAR,CAAYC,OAApB,CAH7B,EAGShB,KAHT,iBAGSA,KAHT;AAAA;AAAA,uBAI+BV,YAAY,CAACW,QAAD,CAJ3C;;AAAA;AAIQC,gBAAAA,cAJR;AAAA;AAAA,uBAKqBG,wBAAaa,QAAb,CAAsB;AAAEjB,kBAAAA,QAAQ,EAAEC;AAAZ,iBAAtB,EAAoD;AAAEF,kBAAAA,KAAK,EAALA;AAAF,iBAApD,CALrB;;AAAA;AAKQwB,gBAAAA,IALR;AAMShB,gBAAAA,UANT,GAMuBgB,IAAI,CAAC,CAAD,CAAJ,CAAQ,CAAR,CANvB,CAMShB,UANT;AAAA,kDAOSlC,eAAe,CAACwB,GAAD,EAAMvB,EAAN,EAAUY,qBAAV,EAAiCuB,mBAAEC,IAAF,CAAOH,UAAP,EAAmB,CAAC,UAAD,CAAnB,CAAjC,EAAmEa,SAAnE,CAPxB;;AAAA;AAAA;AAAA;AAAA;AAAA;AAAA;AAAA,O;;;;;;;;;;;yGAUA,kBAA2BxB,GAA3B,EAAgCC,GAAhC;AAAA;AAAA;AAAA;AAAA;AAAA;AACUmB,gBAAAA,EADV,GACiBpB,GAAG,CAAC4B,WADrB,CACUR,EADV;AAAA;AAAA,uBAEqBZ,wBAAaa,QAAb,mBAA2BrB,GAAG,CAACE,IAA/B,GAAuC;AAACkB,kBAAAA,EAAE,EAAFA;AAAD,iBAAvC,CAFrB;;AAAA;AAEQO,gBAAAA,IAFR;AAGShB,gBAAAA,UAHT,GAGuBgB,IAAI,CAAC,CAAD,CAAJ,CAAQ,CAAR,CAHvB,CAGShB,UAHT;AAAA,kDAISlC,eAAe,CAACwB,GAAD,EAAMvB,EAAN,EAAUa,oBAAV,EAAgCsB,mBAAEC,IAAF,CAAOH,UAAP,EAAmB,CAAC,UAAD,CAAnB,CAAhC,EAAkEa,SAAlE,CAJxB;;AAAA;AAAA;AAAA;AAAA;AAAA;AAAA;AAAA,O;;;;;;;;;;WAOA,gBAAcxB,GAAd,EAAmBC,GAAnB,EAAwB;AACtB,UAAOW,KAAP,GAAgBZ,GAAG,CAAC6B,KAApB,CAAOjB,KAAP;AACAkB,MAAAA,OAAO,CAACC,GAAR,CAAY,MAAZ;AACAD,MAAAA,OAAO,CAACC,GAAR,CAAYnB,KAAZ;AACAkB,MAAAA,OAAO,CAACC,GAAR,CAAY,KAAZ;;AACAC,wBAAYC,IAAZ,CAAiB,OAAjB,EAA0BrB,KAA1B;;AACA,aAAOnC,eAAe,CAACwB,GAAD,EAAMvB,EAAN,EAAUc,qBAAV,EAAiCgC,SAAjC,EAA4CA,SAA5C,CAAtB;AACD","sourceRoot":"E:\\zzz\\employeems\\src\\controllers\\","sourcesContent":["import UserServices from \"../services/UserService\";\r\nimport authUtils from \"../utils/authUtil\";\r\nimport * as response from '../utils/response';\r\nimport statusCodes from '../utils/statusCodes';\r\nimport * as customMessages from '../utils/customMessages';\r\nimport userConfirmationEmail from '../utils/emails/userConfirmationMail';\r\nimport userResetPasswordMail from '../utils/emails/userResetPasswordMail'; \r\nimport _ from 'lodash';\r\nimport redisClient from \"../redis.config\";\r\n\r\nconst { errorResponse, successResponse } = response;\r\nconst { ok, badRequest, unAuthorized, created, forbidden } = statusCodes;\r\nconst { confirmationsuccess, loginsuccess, loginfailed, resetIncorrectEmailError, resetsuccess, updatePasswordsuccess, updateProfileSuccess, loggedOutSuccessfully } = customMessages;\r\n\r\nconst { hashPassword, isPasswordTrue, generateToken, verifyToken:decodeToken } = authUtils;\r\nexport default class authController {\r\n  static async signup(req, res) {\r\n      const { email, password } = req.body;\r\n      const hashedPassword = await hashPassword(password);\r\n      const userData = {\r\n        ...req.body,\r\n        email: email.toLowerCase(),\r\n        password: hashedPassword\r\n      };\r\n      const savedUser = await UserServices.saveAll(userData);\r\n      const { dataValues } = savedUser;\r\n      const token = generateToken(_.omit(dataValues, ['password']))\r\n      const url = `http://localhost:3002/api/auth/confirmation/${token}`\r\n      await userConfirmationEmail(res, _.omit(dataValues, ['password']), url, token)\r\n    \r\n  };\r\n\r\n  static async confirmation(req, res) {\r\n    const { token } = req.params;\r\n    const {id} = decodeToken(token, process.env.JWT_KEY);\r\n    const result = await UserServices.updateBy({confirmed: true}, {id})\r\n    return successResponse(res, ok, confirmationsuccess, result, undefined)\r\n  \r\n  }\r\n\r\n  static async login(req, res) {\r\n      const { password } = req.body;\r\n      const {password:pass} = req.userData;\r\n      if (!await isPasswordTrue(password, pass)) {\r\n        return errorResponse(res, unAuthorized, loginfailed)\r\n      }\r\n      return successResponse(res, ok, loginsuccess, _.omit(req.userData, ['password']), generateToken(_.omit(req.userData, ['password'])))\r\n\r\n  };\r\n\r\n  static async reset(req, res) {\r\n    const { email } = req.body;\r\n      const user = await UserServices.getOneBy({ email: email.toLowerCase() });\r\n      if (user) {\r\n        const result = user.dataValues;\r\n        const token = generateToken(_.omit(result, ['password']));\r\n        const url = `http://localhost:3002/api/auth/update-password/${token}`\r\n        await userResetPasswordMail(res, _.omit(result, ['password']), url, token)\r\n      } else {\r\n        return errorResponse(res, forbidden, resetIncorrectEmailError)\r\n      }\r\n      \r\n  }\r\n\r\n  static async updatePassword(req, res) {\r\n    const { token } = req.params;\r\n    const { password } = req.body;\r\n    const {email} = decodeToken(token, process.env.JWT_KEY);\r\n    const hashedPassword = await hashPassword(password);\r\n    const user = await UserServices.updateBy({ password: hashedPassword }, { email });\r\n    const {dataValues} = user[1][0];\r\n    return successResponse(res, ok, updatePasswordsuccess, _.omit(dataValues, ['password']), undefined)\r\n  }\r\n\r\n  static async updateProfile(req, res) {\r\n    const { id } = req.sessionUser;\r\n    const user = await UserServices.updateBy({ ...req.body }, {id});\r\n    const {dataValues} = user[1][0];\r\n    return successResponse(res, ok, updateProfileSuccess, _.omit(dataValues, ['password']), undefined)\r\n  }\r\n\r\n  static logout(req, res) {\r\n    const {token} = req.query\r\n    console.log(\"====\")\r\n    console.log(token)\r\n    console.log(\"===\")\r\n    redisClient.sadd('token', token);\r\n    return successResponse(res, ok, loggedOutSuccessfully, undefined, undefined)\r\n  }\r\n  \r\n}\r\n"]},"_coverageSchema":"1a1c01bbd47fc00a2c39e90264f33305004495a9","hash":"389b7520a2d01d5e7515b7f5775b3ff994fb30e7","contentHash":"e26db845ee9604f9dd0c92f83c8fdcc234ae8a94ba8ec2c5c362c5f138821ed2"},"E:\\zzz\\employeems\\src\\services\\UserService.js":{"path":"E:\\zzz\\employeems\\src\\services\\UserService.js","statementMap":{"0":{"start":{"line":3,"column":29},"end":{"line":3,"column":84}},"1":{"start":{"line":5,"column":0},"end":{"line":7,"column":3}},"2":{"start":{"line":8,"column":0},"end":{"line":8,"column":28}},"3":{"start":{"line":10,"column":23},"end":{"line":10,"column":95}},"4":{"start":{"line":12,"column":17},"end":{"line":12,"column":83}},"5":{"start":{"line":14,"column":34},"end":{"line":14,"column":117}},"6":{"start":{"line":16,"column":23},"end":{"line":16,"column":95}},"7":{"start":{"line":18,"column":14},"end":{"line":18,"column":67}},"8":{"start":{"line":20,"column":20},"end":{"line":20,"column":69}},"9":{"start":{"line":22,"column":65},"end":{"line":22,"column":92}},"10":{"start":{"line":22,"column":94},"end":{"line":22,"column":474}},"11":{"start":{"line":22,"column":147},"end":{"line":22,"column":188}},"12":{"start":{"line":22,"column":198},"end":{"line":22,"column":405}},"13":{"start":{"line":22,"column":247},"end":{"line":22,"column":297}},"14":{"start":{"line":22,"column":299},"end":{"line":22,"column":355}},"15":{"start":{"line":22,"column":365},"end":{"line":22,"column":403}},"16":{"start":{"line":22,"column":406},"end":{"line":22,"column":471}},"17":{"start":{"line":24,"column":39},"end":{"line":24,"column":110}},"18":{"start":{"line":24,"column":97},"end":{"line":24,"column":110}},"19":{"start":{"line":24,"column":111},"end":{"line":24,"column":152}},"20":{"start":{"line":24,"column":139},"end":{"line":24,"column":152}},"21":{"start":{"line":24,"column":153},"end":{"line":24,"column":198}},"22":{"start":{"line":24,"column":186},"end":{"line":24,"column":198}},"23":{"start":{"line":24,"column":199},"end":{"line":24,"column":327}},"24":{"start":{"line":24,"column":205},"end":{"line":24,"column":284}},"25":{"start":{"line":24,"column":285},"end":{"line":24,"column":297}},"26":{"start":{"line":24,"column":312},"end":{"line":24,"column":325}},"27":{"start":{"line":26,"column":11},"end":{"line":26,"column":34}},"28":{"start":{"line":28,"column":31},"end":{"line":43,"column":27}},"29":{"start":{"line":29,"column":2},"end":{"line":29,"column":57}},"30":{"start":{"line":31,"column":15},"end":{"line":31,"column":40}},"31":{"start":{"line":36,"column":4},"end":{"line":36,"column":56}},"32":{"start":{"line":37,"column":4},"end":{"line":37,"column":30}},"33":{"start":{"line":38,"column":4},"end":{"line":38,"column":23}},"34":{"start":{"line":39,"column":4},"end":{"line":39,"column":17}},"35":{"start":{"line":42,"column":2},"end":{"line":42,"column":21}},"36":{"start":{"line":45,"column":15},"end":{"line":45,"column":32}},"37":{"start":{"line":47,"column":0},"end":{"line":47,"column":30}}},"fnMap":{"0":{"name":"_createSuper","decl":{"start":{"line":22,"column":9},"end":{"line":22,"column":21}},"loc":{"start":{"line":22,"column":31},"end":{"line":22,"column":476}},"line":22},"1":{"name":"_createSuperInternal","decl":{"start":{"line":22,"column":110},"end":{"line":22,"column":130}},"loc":{"start":{"line":22,"column":133},"end":{"line":22,"column":473}},"line":22},"2":{"name":"_isNativeReflectConstruct","decl":{"start":{"line":24,"column":9},"end":{"line":24,"column":34}},"loc":{"start":{"line":24,"column":37},"end":{"line":24,"column":329}},"line":24},"3":{"name":"(anonymous_3)","decl":{"start":{"line":24,"column":267},"end":{"line":24,"column":268}},"loc":{"start":{"line":24,"column":279},"end":{"line":24,"column":281}},"line":24},"4":{"name":"(anonymous_4)","decl":{"start":{"line":28,"column":31},"end":{"line":28,"column":32}},"loc":{"start":{"line":28,"column":56},"end":{"line":43,"column":1}},"line":28},"5":{"name":"UserService","decl":{"start":{"line":33,"column":11},"end":{"line":33,"column":22}},"loc":{"start":{"line":33,"column":25},"end":{"line":40,"column":3}},"line":33}},"branchMap":{"0":{"loc":{"start":{"line":22,"column":198},"end":{"line":22,"column":405}},"type":"if","locations":[{"start":{"line":22,"column":198},"end":{"line":22,"column":405}},{"start":{"line":22,"column":198},"end":{"line":22,"column":405}}],"line":22},"1":{"loc":{"start":{"line":24,"column":39},"end":{"line":24,"column":110}},"type":"if","locations":[{"start":{"line":24,"column":39},"end":{"line":24,"column":110}},{"start":{"line":24,"column":39},"end":{"line":24,"column":110}}],"line":24},"2":{"loc":{"start":{"line":24,"column":43},"end":{"line":24,"column":95}},"type":"binary-expr","locations":[{"start":{"line":24,"column":43},"end":{"line":24,"column":73}},{"start":{"line":24,"column":77},"end":{"line":24,"column":95}}],"line":24},"3":{"loc":{"start":{"line":24,"column":111},"end":{"line":24,"column":152}},"type":"if","locations":[{"start":{"line":24,"column":111},"end":{"line":24,"column":152}},{"start":{"line":24,"column":111},"end":{"line":24,"column":152}}],"line":24},"4":{"loc":{"start":{"line":24,"column":153},"end":{"line":24,"column":198}},"type":"if","locations":[{"start":{"line":24,"column":153},"end":{"line":24,"column":198}},{"start":{"line":24,"column":153},"end":{"line":24,"column":198}}],"line":24}},"s":{"0":1,"1":1,"2":1,"3":1,"4":1,"5":1,"6":1,"7":1,"8":1,"9":1,"10":1,"11":1,"12":1,"13":1,"14":1,"15":0,"16":1,"17":1,"18":0,"19":1,"20":0,"21":1,"22":1,"23":0,"24":0,"25":0,"26":0,"27":1,"28":1,"29":1,"30":1,"31":1,"32":1,"33":1,"34":1,"35":1,"36":1,"37":1},"f":{"0":1,"1":1,"2":1,"3":0,"4":1,"5":1},"b":{"0":[1,0],"1":[0,1],"2":[1,1],"3":[0,1],"4":[1,0]},"inputSourceMap":{"version":3,"sources":["UserService.js"],"names":["user","models","UserService","model","QueriesClass"],"mappings":";;;;;;;;;;;;;;;;;AAAA;;AACA;;;;;;AAGA,IAAQA,IAAR,GAAiBC,kBAAjB,CAAQD,IAAR;;IAEME,W;;;;;AACL,yBAAc;AAAA;;AAAA;AACV;AACA,UAAKC,KAAL,GAAaH,IAAb;AAFU;AAGb;;;EAJwBI,wB;;eAOX,IAAIF,WAAJ,E","sourceRoot":"E:\\zzz\\employeems\\src\\services\\","sourcesContent":["import models from '../database/models';\r\nimport QueriesClass from './queriesClass';\r\n\r\n\r\nconst { user } = models;\r\n\r\nclass UserService extends QueriesClass {\r\n constructor() {\r\n     super();\r\n     this.model = user\r\n }\r\n}\r\n\r\nexport default new UserService();\r\n"]},"_coverageSchema":"1a1c01bbd47fc00a2c39e90264f33305004495a9","hash":"4df707357c67704959901dc6547036d2755aabca","contentHash":"a45c495de279289a35cc1272fad133afe07935aa852139c08ed1e4137d530a75"},"E:\\zzz\\employeems\\src\\database\\models\\index.js":{"path":"E:\\zzz\\employeems\\src\\database\\models\\index.js","statementMap":{"0":{"start":{"line":3,"column":29},"end":{"line":3,"column":84}},"1":{"start":{"line":5,"column":0},"end":{"line":7,"column":3}},"2":{"start":{"line":8,"column":0},"end":{"line":8,"column":28}},"3":{"start":{"line":10,"column":10},"end":{"line":10,"column":47}},"4":{"start":{"line":12,"column":17},"end":{"line":12,"column":61}},"5":{"start":{"line":14,"column":12},"end":{"line":14,"column":27}},"6":{"start":{"line":16,"column":9},"end":{"line":16,"column":11}},"7":{"start":{"line":17,"column":15},"end":{"line":17,"column":46}},"8":{"start":{"line":18,"column":10},"end":{"line":18,"column":47}},"9":{"start":{"line":20,"column":13},"end":{"line":20,"column":45}},"10":{"start":{"line":22,"column":16},"end":{"line":22,"column":100}},"11":{"start":{"line":24,"column":0},"end":{"line":30,"column":3}},"12":{"start":{"line":25,"column":2},"end":{"line":25,"column":82}},"13":{"start":{"line":27,"column":14},"end":{"line":27,"column":99}},"14":{"start":{"line":29,"column":2},"end":{"line":29,"column":25}},"15":{"start":{"line":32,"column":0},"end":{"line":36,"column":3}},"16":{"start":{"line":33,"column":2},"end":{"line":35,"column":3}},"17":{"start":{"line":34,"column":4},"end":{"line":34,"column":32}},"18":{"start":{"line":37,"column":0},"end":{"line":37,"column":25}},"19":{"start":{"line":38,"column":0},"end":{"line":38,"column":37}},"20":{"start":{"line":39,"column":15},"end":{"line":39,"column":17}},"21":{"start":{"line":40,"column":0},"end":{"line":40,"column":30}}},"fnMap":{"0":{"name":"(anonymous_0)","decl":{"start":{"line":24,"column":45},"end":{"line":24,"column":46}},"loc":{"start":{"line":24,"column":61},"end":{"line":26,"column":1}},"line":24},"1":{"name":"(anonymous_1)","decl":{"start":{"line":26,"column":11},"end":{"line":26,"column":12}},"loc":{"start":{"line":26,"column":27},"end":{"line":30,"column":1}},"line":26},"2":{"name":"(anonymous_2)","decl":{"start":{"line":32,"column":24},"end":{"line":32,"column":25}},"loc":{"start":{"line":32,"column":45},"end":{"line":36,"column":1}},"line":32}},"branchMap":{"0":{"loc":{"start":{"line":18,"column":10},"end":{"line":18,"column":47}},"type":"binary-expr","locations":[{"start":{"line":18,"column":10},"end":{"line":18,"column":30}},{"start":{"line":18,"column":34},"end":{"line":18,"column":47}}],"line":18},"1":{"loc":{"start":{"line":25,"column":9},"end":{"line":25,"column":81}},"type":"binary-expr","locations":[{"start":{"line":25,"column":9},"end":{"line":25,"column":32}},{"start":{"line":25,"column":36},"end":{"line":25,"column":53}},{"start":{"line":25,"column":57},"end":{"line":25,"column":81}}],"line":25},"2":{"loc":{"start":{"line":33,"column":2},"end":{"line":35,"column":3}},"type":"if","locations":[{"start":{"line":33,"column":2},"end":{"line":35,"column":3}},{"start":{"line":33,"column":2},"end":{"line":35,"column":3}}],"line":33}},"s":{"0":1,"1":1,"2":1,"3":1,"4":1,"5":1,"6":1,"7":1,"8":1,"9":1,"10":1,"11":1,"12":3,"13":2,"14":2,"15":1,"16":2,"17":0,"18":1,"19":1,"20":1,"21":1},"f":{"0":3,"1":2,"2":2},"b":{"0":[1,1],"1":[3,3,2],"2":[0,2]},"inputSourceMap":{"version":3,"sources":["index.js"],"names":["db","basename","__filename","env","process","NODE_ENV","config","require","sequelize","Sequelize","database","username","password","fs","readdirSync","__dirname","filter","file","indexOf","slice","forEach","model","DataTypes","name","Object","keys","modelName","associate"],"mappings":";;;;;;;;;AAAA;;AACA;;AACA;;AACA,IAAMA,EAAE,GAAG,EAAX;AAEA,IAAMC,QAAQ,GAAG,oBAAKC,UAAL,CAAjB;AACA,IAAMC,GAAG,GAAGC,OAAO,CAACD,GAAR,CAAYE,QAAZ,IAAwB,aAApC;;AACA,IAAMC,MAAM,GAAGC,OAAO,CAAC,kBAAD,CAAP,CAA4BJ,GAA5B,CAAf;;AAEA,IAAMK,SAAS,GAAG,IAAIC,qBAAJ,CAChBH,MAAM,CAACI,QADS,EAEhBJ,MAAM,CAACK,QAFS,EAGhBL,MAAM,CAACM,QAHS,EAIhBN,MAJgB,CAAlB;;AAOAO,eAAGC,WAAH,CAAeC,SAAf,EACGC,MADH,CACU,UAACC,IAAD,EAAU;AAChB,SACEA,IAAI,CAACC,OAAL,CAAa,GAAb,MAAsB,CAAtB,IAA2BD,IAAI,KAAKhB,QAApC,IAAgDgB,IAAI,CAACE,KAAL,CAAW,CAAC,CAAZ,MAAmB,KADrE;AAGD,CALH,EAMGC,OANH,CAMW,UAACH,IAAD,EAAU;AACjB,MAAMI,KAAK,GAAGd,OAAO,CAAC,gBAAKQ,SAAL,EAAgBE,IAAhB,CAAD,CAAP,CACZT,SADY,EAEZC,sBAAUa,SAFE,CAAd;;AAIAtB,EAAAA,EAAE,CAACqB,KAAK,CAACE,IAAP,CAAF,GAAiBF,KAAjB;AACD,CAZH;;AAcAG,MAAM,CAACC,IAAP,CAAYzB,EAAZ,EAAgBoB,OAAhB,CAAwB,UAACM,SAAD,EAAe;AACrC,MAAI1B,EAAE,CAAC0B,SAAD,CAAF,CAAcC,SAAlB,EAA6B;AAC3B3B,IAAAA,EAAE,CAAC0B,SAAD,CAAF,CAAcC,SAAd,CAAwB3B,EAAxB;AACD;AACF,CAJD;AAMAA,EAAE,CAACQ,SAAH,GAAeA,SAAf;AACAR,EAAE,CAACS,SAAH,GAAeA,qBAAf;eAEeT,E","sourceRoot":"E:\\zzz\\employeems\\src\\database\\models\\","sourcesContent":["import fs from \"fs\";\nimport Sequelize from \"sequelize\";\nimport { basename as base, join } from \"path\";\nconst db = {};\n\nconst basename = base(__filename);\nconst env = process.env.NODE_ENV || \"development\";\nconst config = require(\"../config/config\")[env];\n\nconst sequelize = new Sequelize(\n  config.database,\n  config.username,\n  config.password,\n  config\n);\n\nfs.readdirSync(__dirname)\n  .filter((file) => {\n    return (\n      file.indexOf(\".\") !== 0 && file !== basename && file.slice(-3) === \".js\"\n    );\n  })\n  .forEach((file) => {\n    const model = require(join(__dirname, file))(\n      sequelize,\n      Sequelize.DataTypes\n    );\n    db[model.name] = model;\n  });\n\nObject.keys(db).forEach((modelName) => {\n  if (db[modelName].associate) {\n    db[modelName].associate(db);\n  }\n});\n\ndb.sequelize = sequelize;\ndb.Sequelize = Sequelize;\n\nexport default db;\n"]},"_coverageSchema":"1a1c01bbd47fc00a2c39e90264f33305004495a9","hash":"2aefcc161ccdd913e80ba8a4a47ce16630ace9c5","contentHash":"3c7d3e280987fc4ad5666243c4736355173704e44d00884e068410e370a7d3f8"},"E:\\zzz\\employeems\\src\\database\\config\\config.js":{"path":"E:\\zzz\\employeems\\src\\database\\config\\config.js","statementMap":{"0":{"start":{"line":3,"column":0},"end":{"line":3,"column":27}},"1":{"start":{"line":5,"column":19},"end":{"line":5,"column":30}},"2":{"start":{"line":6,"c
[...]
,"column":81}},"61":{"start":{"line":101,"column":2},"end":{"line":127,"column":6}},"62":{"start":{"line":102,"column":4},"end":{"line":126,"column":33}},"63":{"start":{"line":103,"column":6},"end":{"line":125,"column":7}},"64":{"start":{"line":104,"column":8},"end":{"line":124,"column":9}},"65":{"start":{"line":106,"column":12},"end":{"line":106,"column":31}},"66":{"start":{"line":107,"column":12},"end":{"line":107,"column":32}},"67":{"start":{"line":108,"column":12},"end":{"line":108,"column":31}},"68":{"start":{"line":109,"column":12},"end":{"line":109,"column":60}},"69":{"start":{"line":112,"column":12},"end":{"line":112,"column":32}},"70":{"start":{"line":113,"column":12},"end":{"line":113,"column":18}},"71":{"start":{"line":116,"column":12},"end":{"line":116,"column":31}},"72":{"start":{"line":117,"column":12},"end":{"line":117,"column":49}},"73":{"start":{"line":118,"column":12},"end":{"line":118,"column":38}},"74":{"start":{"line":119,"column":12},"end":{"line":119,"column":116}},"75":{"start":{"line":123,"column":12},"end":{"line":123,"column":36}},"76":{"start":{"line":128,"column":2},"end":{"line":128,"column":81}}},"fnMap":{"0":{"name":"_getRequireWildcardCache","decl":{"start":{"line":27,"column":9},"end":{"line":27,"column":33}},"loc":{"start":{"line":27,"column":47},"end":{"line":27,"column":335}},"line":27},"1":{"name":"_getRequireWildcardCache","decl":{"start":{"line":27,"column":218},"end":{"line":27,"column":242}},"loc":{"start":{"line":27,"column":256},"end":{"line":27,"column":318}},"line":27},"2":{"name":"_interopRequireWildcard","decl":{"start":{"line":29,"column":9},"end":{"line":29,"column":32}},"loc":{"start":{"line":29,"column":51},"end":{"line":29,"column":811}},"line":29},"3":{"name":"employeeRegistrationConfirmationEmailHtml","decl":{"start":{"line":49,"column":9},"end":{"line":49,"column":50}},"loc":{"start":{"line":49,"column":65},"end":{"line":51,"column":1}},"line":49},"4":{"name":"getMessage","decl":{"start":{"line":53,"column":9},"end":{"line":53,"column":19}},"loc":{"start":{"line":53,"column":33},"end":{"line":60,"column":1}},"line":53},"5":{"name":"sendEmployeeRegistrationConfirmationEmail","decl":{"start":{"line":62,"column":9},"end":{"line":62,"column":50}},"loc":{"start":{"line":62,"column":60},"end":{"line":64,"column":1}},"line":62},"6":{"name":"_sendEmployeeRegistrationConfirmationEmail","decl":{"start":{"line":66,"column":9},"end":{"line":66,"column":51}},"loc":{"start":{"line":66,"column":54},"end":{"line":94,"column":1}},"line":66},"7":{"name":"_callee","decl":{"start":{"line":67,"column":134},"end":{"line":67,"column":141}},"loc":{"start":{"line":67,"column":155},"end":{"line":92,"column":3}},"line":67},"8":{"name":"_callee$","decl":{"start":{"line":68,"column":49},"end":{"line":68,"column":57}},"loc":{"start":{"line":68,"column":68},"end":{"line":91,"column":5}},"line":68},"9":{"name":"sendMultiEmployeesRegistrationConfirmationEmail","decl":{"start":{"line":96,"column":9},"end":{"line":96,"column":56}},"loc":{"start":{"line":96,"column":67},"end":{"line":98,"column":1}},"line":96},"10":{"name":"_sendMultiEmployeesRegistrationConfirmationEmail","decl":{"start":{"line":100,"column":9},"end":{"line":100,"column":57}},"loc":{"start":{"line":100,"column":60},"end":{"line":129,"column":1}},"line":100},"11":{"name":"_callee2","decl":{"start":{"line":101,"column":140},"end":{"line":101,"column":148}},"loc":{"start":{"line":101,"column":162},"end":{"line":127,"column":3}},"line":101},"12":{"name":"_callee2$","decl":{"start":{"line":102,"column":49},"end":{"line":102,"column":58}},"loc":{"start":{"line":102,"column":70},"end":{"line":126,"column":5}},"line":102}},"branchMap":{"0":{"loc":{"start":{"line":27,"column":49},"end":{"line":27,"column":96}},"type":"if","locations":[{"start":{"line":27,"column":49},"end":{"line":27,"column":96}},{"start":{"line":27,"column":49},"end":{"line":27,"column":96}}],"line":27},"1":{"loc":{"start":{"line":27,"column":265},"end":{"line":27,"column":315}},"type":"cond-expr","locations":[{"start":{"line":27,"column":279},"end":{"line":27,"column":295}},{"start":{"line":27,"column":298},"end":{"line":27,"column":315}}],"line":27},"2":{"loc":{"start":{"line":29,"column":53},"end":{"line":29,"column":111}},"type":"if","locations":[{"start":{"line":29,"column":53},"end":{"line":29,"column":111}},{"start":{"line":29,"column":53},"end":{"line":29,"column":111}}],"line":29},"3":{"loc":{"start":{"line":29,"column":57},"end":{"line":29,"column":94}},"type":"binary-expr","locations":[{"start":{"line":29,"column":57},"end":{"line":29,"column":69}},{"start":{"line":29,"column":73},"end":{"line":29,"column":76}},{"start":{"line":29,"column":80},"end":{"line":29,"column":94}}],"line":29},"4":{"loc":{"start":{"line":29,"column":112},"end":{"line":29,"column":218}},"type":"if","locations":[{"start":{"line":29,"column":112},"end":{"line":29,"column":218}},{"start":{"line":29,"column":112},"end":{"line":29,"column":218}}],"line":29},"5":{"loc":{"start":{"line":29,"column":116},"end":{"line":29,"column":186}},"type":"binary-expr","locations":[{"start":{"line":29,"column":116},"end":{"line":29,"column":128}},{"start":{"line":29,"column":132},"end":{"line":29,"column":157}},{"start":{"line":29,"column":161},"end":{"line":29,"column":186}}],"line":29},"6":{"loc":{"start":{"line":29,"column":270},"end":{"line":29,"column":325}},"type":"if","locations":[{"start":{"line":29,"column":270},"end":{"line":29,"column":325}},{"start":{"line":29,"column":270},"end":{"line":29,"column":325}}],"line":29},"7":{"loc":{"start":{"line":29,"column":274},"end":{"line":29,"column":297}},"type":"binary-expr","locations":[{"start":{"line":29,"column":274},"end":{"line":29,"column":279}},{"start":{"line":29,"column":283},"end":{"line":29,"column":297}}],"line":29},"8":{"loc":{"start":{"line":29,"column":371},"end":{"line":29,"column":427}},"type":"binary-expr","locations":[{"start":{"line":29,"column":371},"end":{"line":29,"column":392}},{"start":{"line":29,"column":396},"end":{"line":29,"column":427}}],"line":29},"9":{"loc":{"start":{"line":29,"column":452},"end":{"line":29,"column":728}},"type":"if","locations":[{"start":{"line":29,"column":452},"end":{"line":29,"column":728}},{"start":{"line":29,"column":452},"end":{"line":29,"column":728}}],"line":29},"10":{"loc":{"start":{"line":29,"column":456},"end":{"line":29,"column":523}},"type":"binary-expr","locations":[{"start":{"line":29,"column":456},"end":{"line":29,"column":473}},{"start":{"line":29,"column":477},"end":{"line":29,"column":523}}],"line":29},"11":{"loc":{"start":{"line":29,"column":538},"end":{"line":29,"column":610}},"type":"cond-expr","locations":[{"start":{"line":29,"column":562},"end":{"line":29,"column":603}},{"start":{"line":29,"column":606},"end":{"line":29,"column":610}}],"line":29},"12":{"loc":{"start":{"line":29,"column":612},"end":{"line":29,"column":726}},"type":"if","locations":[{"start":{"line":29,"column":612},"end":{"line":29,"column":726}},{"start":{"line":29,"column":612},"end":{"line":29,"column":726}}],"line":29},"13":{"loc":{"start":{"line":29,"column":616},"end":{"line":29,"column":646}},"type":"binary-expr","locations":[{"start":{"line":29,"column":616},"end":{"line":29,"column":620}},{"start":{"line":29,"column":625},"end":{"line":29,"column":633}},{"start":{"line":29,"column":637},"end":{"line":29,"column":645}}],"line":29},"14":{"loc":{"start":{"line":29,"column":756},"end":{"line":29,"column":794}},"type":"if","locations":[{"start":{"line":29,"column":756},"end":{"line":29,"column":794}},{"start":{"line":29,"column":756},"end":{"line":29,"column":794}}],"line":29},"15":{"loc":{"start":{"line":70,"column":8},"end":{"line":89,"column":9}},"type":"switch","locations":[{"start":{"line":71,"column":10},"end":{"line":75,"column":60}},{"start":{"line":77,"column":10},"end":{"line":78,"column":142}},{"start":{"line":80,"column":10},"end":{"line":84,"column":114}},{"start":{"line":86,"column":10},"end":{"line":86,"column":18}},{"start":{"line":87,"column":10},"end":{"line":88,"column":35}}],"line":70},"16":{"loc":{"start":{"line":104,"column":8},"end":{"line":124,"column":9}},"type":"switch","locations":[{"start":{"line":105,"column":10},"end":{"line":109,"column":60}},{"start":{"line":111,"column":10},"end":{"line":113,"column":18}},{"start":{"line":115,"column":10},"end":{"line":119,"column":116}},{"start":{"line":121,"column":10},"end":{"line":121,"column":18}},{"start":{"line":122,"column":10},"end":{"line":123,"column":36}}],"line":104}},"s":{"0":1,"1":1,"2":1,"3":1,"4":1,"5":1,"6":1,"7":1,"8":1,"9":1,"10":1,"11":1,"12":0,"13":0,"14":0,"15":0,"16":0,"17":0,"18":2,"19":2,"20":0,"21":0,"22":0,"23":0,"24":0,"25":0,"26":0,"27":0,"28":0,"29":0,"30":0,"31":0,"32":0,"33":0,"34":0,"35":0,"36":0,"37":1,"38":1,"39":1,"40":1,"41":1,"42":0,"43":0,"44":0,"45":0,"46":0,"47":0,"48":0,"49":0,"50":0,"51":0,"52":0,"53":0,"54":0,"55":0,"56":0,"57":0,"58":0,"59":0,"60":0,"61":0,"62":0,"63":0,"64":0,"65":0,"66":0,"67":0,"68":0,"69":0,"70":0,"71":0,"72":0,"73":0,"74":0,"75":0,"76":0},"f":{"0":0,"1":0,"2":2,"3":0,"4":0,"5":0,"6":0,"7":0,"8":0,"9":0,"10":0,"11":0,"12":0},"b":{"0":[0,0],"1":[0,0],"2":[2,0],"3":[2,2,2],"4":[0,0],"5":[0,0,0],"6":[0,0],"7":[0,0],"8":[0,0],"9":[0,0],"10":[0,0],"11":[0,0],"12":[0,0],"13":[0,0,0],"14":[0,0],"15":[0,0,0,0,0],"16":[0,0,0,0,0]},"inputSourceMap":{"version":3,"sources":["employeeMail.js"],"names":["require","config","employeeCreateSuccess","messages","transporter","nodemailer","createTransport","service","port","secure","requireTLS","auth","user","pass","successResponse","response","errorResponse","employeeRegistrationConfirmationEmailHtml","employeeName","getMessage","emailParams","to","email","from","subject","html","name","sendEmployeeRegistrationConfirmationEmail","res","result","console","log","sendMail","statusCodes","created","undefined","badRequest","sendMultiEmployeesRegistrationConfirmationEmail"],"mappings":";;;;;;;;;;;;;;;;AAAA;;AACA;;AACA;;AACA;;AACA;;;;;;AACAA,OAAO,CAAC,QAAD,CAAP,CAAkBC,MAAlB;;AAEA,IAAQC,qBAAR,GAAkCC,QAAlC,CAAQD,qBAAR;;AACA,IAAME,WAAW,GAAGC,uBAAWC,eAAX,CAA2B;AAC7CC,EAAAA,OAAO,EAAE,OADoC;AAE7CC,EAAAA,IAAI,EAAE,GAFuC;AAG7CC,EAAAA,MAAM,EAAE,KAHqC;AAI7CC,EAAAA,UAAU,EAAE,IAJiC;AAK7CC,EAAAA,IAAI,EAAE;AACJC,IAAAA,IAAI,EAAE,uBADF;AAEJC,IAAAA,IAAI,EAAE;AAFF;AALuC,CAA3B,CAApB;;AAUA,IAAOC,eAAP,GAAyCC,QAAzC,CAAOD,eAAP;AAAA,IAAwBE,aAAxB,GAAyCD,QAAzC,CAAwBC,aAAxB;;AAEA,SAASC,yCAAT,CAAmDC,YAAnD,EAAiE;AAC/D,2qCAA8nCA,YAA9nC;AACD;;AAED,SAASC,UAAT,CAAoBC,WAApB,EAAiC;AAC/B,SAAO;AACLC,IAAAA,EAAE,EAAED,WAAW,CAACE,KADX;AAELC,IAAAA,IAAI,EAAE,uBAFD;AAGLC,IAAAA,OAAO,EAAE,2BAHJ;AAILC,IAAAA,IAAI,EAAER,yCAAyC,CAACG,WAAW,CAACM,IAAb;AAJ1C,GAAP;AAMD;;SAEcC,yC;;;;;6HAAf,iBAAyDC,GAAzD,EAA8DC,MAA9D;AAAA;AAAA;AAAA;AAAA;AAAA;AAEMC,YAAAA,OAAO,CAACC,GAAR,CAAYF,MAAZ;AAFN;AAAA,mBAGUzB,WAAW,CAAC4B,QAAZ,CAAqBb,UAAU,CAACU,MAAD,CAA/B,CAHV;;AAAA;AAAA,6CAIWf,eAAe,CAACc,GAAD,EAAMK,wBAAYC,OAAlB,EAA2BhC,qBAA3B,EAAkD2B,MAAlD,EAA0DM,SAA1D,CAJ1B;;AAAA;AAAA;AAAA;AAMML,YAAAA,OAAO,CAACC,GAAR;AANN,6CAOWf,aAAa,CAACY,GAAD,EAAMK,wBAAYG,UAAlB,cAPxB;;AAAA;AAAA;AAAA;AAAA;AAAA;AAAA;AAAA,G;;;;SAWeC,+C;;;;;mIAAf,kBAA+DT,GAA/D,EAAoEC,MAApE;AAAA;AAAA;AAAA;AAAA;AAAA;AAEMC,YAAAA,OAAO,CAACC,GAAR,CAAYF,MAAZ;AAFN;AAAA,mBAGUzB,WAAW,CAAC4B,QAAZ,CAAqBb,UAAU,CAACU,MAAD,CAA/B,CAHV;;AAAA;AAAA;AAAA;;AAAA;AAAA;AAAA;AAKMC,YAAAA,OAAO,CAACC,GAAR;AALN,8CAMWf,aAAa,CAACY,GAAD,EAAMK,wBAAYG,UAAlB,eANxB;;AAAA;AAAA;AAAA;AAAA;AAAA;AAAA;AAAA,G","sourceRoot":"E:\\zzz\\employeems\\src\\utils\\emails\\","sourcesContent":["import sendGridMail from '@sendgrid/mail';\r\nimport * as response from '../response';\r\nimport statusCodes from '../statusCodes';\r\nimport * as messages from '../customMessages';\r\nimport nodemailer from 'nodemailer'\r\nrequire('dotenv').config();\r\n\r\nconst { employeeCreateSuccess } = messages\r\nconst transporter = nodemailer.createTransport({\r\n  service: 'gmail',\r\n  port: 587,\r\n  secure: false,\r\n  requireTLS: true,\r\n  auth: {\r\n    user: 'markjoker73@gmail.com',\r\n    pass: 'dioble32',\r\n  },\r\n});\r\nconst {successResponse, errorResponse} = response;\r\n\r\nfunction employeeRegistrationConfirmationEmailHtml(employeeName) {\r\n  return `<!DOCTYPE html PUBLIC \"-//W3C//DTD XHTML 1.0 Transitional//EN\" \"http://www.w3.org/TR/xhtml1/DTD/xhtml1-transitional.dtd\"><html xmlns=\"http://www.w3.org/1999/xhtml\" xmlns:o=\"urn:schemas-microsoft-com:office:office\" style=\"width:100%;font-family:Arial, sans-serif;-webkit-text-size-adjust:100%;-ms-text-size-adjust:100%;padding:0;Margin:0\"><head> <meta charset=\"UTF-8\"> <meta content=\"width=device-width, initial-scale=1\" name=\"viewport\"> <meta name=\"x-apple-disable-message-reformatting\"> <meta http-equiv=\"X-UA-Compatible\" content=\"IE=edge\"> <meta content=\"telephone=no\" name=\"format-detection\"> <title>New email template 2021-02-21</title> <style type=\"text/css\"> .card { background-color: #fafafa; border:0; border-radius: 4px; width:100%; padding:24px; } .card .company-name { text-transform: capitalize; font-weight: 700; padding-bottom: 8px; color: teal; } .card p .name { color: teal; } </style></head> <body style=\"width:100%;font-family:Arial, sans-serif;-webkit-text-size-adjust:100%;-ms-text-size-adjust:100%;padding:0;Margin:0;color:#3e5660\"><div class=\"card\"> <h3 class=\"company-name\">Company Name</h3> <p>hi <span class=\"name\">${employeeName}</span>,<br/> you've been successfully registered, welcome to Company name</p></div></body></html>`;\r\n}\r\n\r\nfunction getMessage(emailParams) {\r\n  return {\r\n    to: emailParams.email,\r\n    from: 'markjoker73@gmail.com',\r\n    subject: 'registration successfully',\r\n    html: employeeRegistrationConfirmationEmailHtml(emailParams.name),\r\n  };\r\n}\r\n\r\nasync function sendEmployeeRegistrationConfirmationEmail(res, result) {\r\n  try {\r\n      console.log(result)\r\n    await transporter.sendMail(getMessage(result));\r\n    return successResponse(res, statusCodes.created, employeeCreateSuccess, result, undefined);\r\n  } catch (error) {\r\n      console.log(error)\r\n    return errorResponse(res, statusCodes.badRequest, error);\r\n  }\r\n}\r\n\r\nasync function sendMultiEmployeesRegistrationConfirmationEmail(res, result) {\r\n  try {\r\n      console.log(result)\r\n    await transporter.sendMail(getMessage(result));\r\n  } catch (error) {\r\n      console.log(error)\r\n    return errorResponse(res, statusCodes.badRequest, error);\r\n  }\r\n}\r\n\r\nexport {sendEmployeeRegistrationConfirmationEmail, sendMultiEmployeesRegistrationConfirmationEmail};"]},"_coverageSchema":"1a1c01bbd47fc00a2c39e90264f33305004495a9","hash":"d725dc42fa33dc93b828340280be7c928375fbe9","contentHash":"56b351d15eae4003a1be2f10872ed4c103a8f17e9c537bfbca6ac7e1f790f358"},"E:\\zzz\\employeems\\src\\middlewares\\fileUploadMiddleware.js":{"path":"E:\\zzz\\employeems\\src\\middlewares\\fileUploadMiddleware.js","statementMap":{"0":{"start":{"line":3,"column":29},"end":{"line":3,"column":84}},"1":{"start":{"line":5,"column":0},"end":{"line":7,"column":3}},"2":{"start":{"line":8,"column":0},"end":{"line":8,"column":28}},"3":{"start":{"line":10,"column":14},"end":{"line":10,"column":55}},"4":{"start":{"line":12,"column":12},"end":{"line":12,"column":51}},"5":{"start":{"line":14,"column":14},"end":{"line":23,"column":2}},"6":{"start":{"line":16,"column":4},"end":{"line":18,"column":5}},"7":{"start":{"line":17,"column":6},"end":{"line":17,"column":80}},"8":{"start":{"line":21,"column":4},"end":{"line":21,"column":94}},"9":{"start":{"line":25,"column":17},"end":{"line":35,"column":1}},"10":{"start":{"line":26,"column":2},"end":{"line":34,"column":3}},"11":{"start":{"line":28,"column":4},"end":{"line":33,"column":5}},"12":{"start":{"line":30,"column":6},"end":{"line":30,"column":21}},"13":{"start":{"line":32,"column":6},"end":{"line":32,"column":22}},"14":{"start":{"line":37,"column":17},"end":{"line":43,"column":22}},"15":{"start":{"line":44,"column":0},"end":{"line":44,"column":32}}},"fnMap":{"0":{"name":"destination","decl":{"start":{"line":15,"column":24},"end":{"line":15,"column":35}},"loc":{"start":{"line":15,"column":51},"end":{"line":19,"column":3}},"line":15},"1":{"name":"filename","decl":{"start":{"line":20,"column":21},"end":{"line":20,"column":29}},"loc":{"start":{"line":20,"column":45},"end":{"line":22,"column":3}},"line":20},"2":{"name":"fileFilter","decl":{"start":{"line":25,"column":26},"end":{"line":25,"column":36}},"loc":{"start":{"line":25,"column":52},"end":{"line":35,"column":1}},"line":25}},"branchMap":{"0":{"loc":{"start":{"line":16,"column":4},"end":{"line":18,"column":5}},"type":"if","locations":[{"start":{"line":16,"column":4},"end":{"line":18,"column":5}},{"start":{"line":16,"column":4},"end":{"line":18,"column":5}}],"line":16},"1":{"loc":{"start":{"line":26,"column":2},"end":{"line":34,"column":3}},"type":"if","locations":[{"start":{"line":26,"column":2},"end":{"line":34,"column":3}},{"start":{"line":26,"column":2},"end":{"line":34,"column":3}}],"line":26},"2":{"loc":{"start":{"line":28,"column":4},"end":{"line":33,"column":5}},"type":"if","locations":[{"start":{"line":28,"column":4},"end":{"line":33,"column":5}},{"start":{"line":28,"column":4},"end":{"line":33,"column":5}}],"line":28}},"s":{"0":1,"1":1,"2":1,"3":1,"4":1,"5":1,"6":0,"7":0,"8":0,"9":1,"10":0,"11":0,"12":0,"13":0,"14":1,"15":1},"f":{"0":0,"1":0,"2":0},"b":{"0":[0,0],"1":[0,0],"2":[0,0]},"inputSourceMap":{"version":3,"sources":["fileUploadMiddleware.js"],"names":["storage","multer","diskStorage","destination","req","file","cb","fieldname","path","join","__dirname","filename","Date","now","extname","originalname","fileFilter","mimetype","uploadFile","limits","fileSize","single"],"mappings":";;;;;;;;;AAAA;;AACA;;AAEA,IAAMA,OAAO,GAAGC,mBAAOC,WAAP,CAAmB;AAC/BC,EAAAA,WAAW,EAAE,qBAACC,GAAD,EAAMC,IAAN,EAAYC,EAAZ,EAAmB;AAC5B,QAAID,IAAI,CAACE,SAAL,KAAmB,WAAvB,EAAoC;AAChCD,MAAAA,EAAE,CAAC,IAAD,EAAOE,iBAAKC,IAAL,CAAUC,SAAV,EAAqB,IAArB,EAA2B,IAA3B,EAAiC,iBAAjC,CAAP,CAAF;AACH;AAEJ,GAN8B;AAO/BC,EAAAA,QAAQ,EAAE,kBAACP,GAAD,EAAMC,IAAN,EAAYC,EAAZ,EAAmB;AAC3BA,IAAAA,EAAE,CAAC,IAAD,EAAOD,IAAI,CAACE,SAAL,GAAiB,GAAjB,GAAuBK,IAAI,CAACC,GAAL,EAAvB,GAAoCL,iBAAKM,OAAL,CAAaT,IAAI,CAACU,YAAlB,CAA3C,CAAF;AACD;AAT8B,CAAnB,CAAhB;;AAYE,IAAMC,UAAU,GAAG,SAAbA,UAAa,CAACZ,GAAD,EAAMC,IAAN,EAAYC,EAAZ,EAAmB;AACpC,MAAID,IAAI,CAACE,SAAL,KAAmB,WAAvB,EAAoC;AAAE;AACpC,QACEF,IAAI,CAACY,QAAL,KAAkB,mEADpB,EAEE;AAAE;AACFX,MAAAA,EAAE,CAAC,IAAD,EAAO,IAAP,CAAF;AACD,KAJD,MAIO;AACLA,MAAAA,EAAE,CAAC,IAAD,EAAO,KAAP,CAAF,CADK,CACY;AAClB;AACF;AACJ,CAVC;;AAaO,IAAMY,UAAU,GAAG,wBAAO;AAC/BlB,EAAAA,OAAO,EAAEA,OADsB;AAE/BmB,EAAAA,MAAM,EAAE;AAAEC,IAAAA,QAAQ,EAAE;AAAZ,GAFuB;AAG/BJ,EAAAA,UAAU,EAAEA;AAHmB,CAAP,EAIvBK,MAJuB,CAIhB,WAJgB,CAAnB","sourceRoot":"E:\\zzz\\employeems\\src\\middlewares\\","sourcesContent":["import multer from 'multer';\r\nimport path from 'path';\r\n\r\nconst storage = multer.diskStorage({\r\n    destination: (req, file, cb) => {\r\n        if (file.fieldname === \"documents\") {\r\n            cb(null, path.join(__dirname, '..', '..', 'public/uploads/'));\r\n        }\r\n      \r\n    },\r\n    filename: (req, file, cb) => {\r\n      cb(null, file.fieldname + \"-\" + Date.now() + path.extname(file.originalname));\r\n    },\r\n  });\r\n\r\n  const fileFilter = (req, file, cb) => {\r\n    if (file.fieldname === \"documents\") { // if uploading resume\r\n      if (\r\n        file.mimetype === 'application/vnd.openxmlformats-officedocument.spreadsheetml.sheet'\r\n      ) { // check file type to be pdf, doc, or docx\r\n        cb(null, true);\r\n      } else {\r\n        cb(null, false); // else fails\r\n      }\r\n    }\r\n}\r\n\r\n\r\n  export const uploadFile = multer({\r\n    storage: storage,\r\n    limits: { fileSize: '1mb' },\r\n    fileFilter: fileFilter \r\n  }).single(\"documents\");\r\n"]},"_coverageSchema":"1a1c01bbd47fc00a2c39e90264f33305004495a9","hash":"e880b9a297829ce33ac046310f8cbde99f8212f4","contentHash":"be1fdd519c27c701282a6d7ee3fe237525acd3acdd68431b3d1f977764160393"}}