TN:
SF:src\redis.config.js
FNF:0
FNH:0
DA:1,1
DA:2,1
DA:4,1
LF:3
LH:3
BRF:0
BRH:0
end_of_record
TN:
SF:src\server.js
FN:20,(anonymous_0)
FNF:1
FNH:1
FNDA:1,(anonymous_0)
DA:1,1
DA:2,1
DA:3,1
DA:4,1
DA:5,1
DA:6,1
DA:7,1
DA:9,1
DA:11,1
DA:12,1
DA:13,1
DA:14,1
DA:15,1
DA:16,1
DA:17,1
DA:19,1
DA:20,1
DA:21,1
DA:24,1
LF:19
LH:19
BRDA:19,0,0,1
BRDA:19,0,1,0
BRF:2
BRH:1
end_of_record
TN:
SF:src\controllers\authController.js
FN:17,_callee
FN:33,_callee2
FN:41,_callee3
FN:51,_callee4
FN:65,_callee5
FN:75,_callee6
FN:82,logout
FNF:7
FNH:7
FNDA:10,_callee
FNDA:8,_callee2
FNDA:12,_callee3
FNDA:8,_callee4
FNDA:5,_callee5
FNDA:4,_callee6
FNDA:1,logout
DA:1,1
DA:2,1
DA:3,1
DA:4,1
DA:5,1
DA:6,1
DA:7,1
DA:8,1
DA:9,1
DA:11,1
DA:12,1
DA:13,1
DA:15,1
DA:17,34
DA:19,2
DA:20,2
DA:25,2
DA:26,2
DA:27,2
DA:28,2
DA:33,24
DA:34,2
DA:36,2
DA:41,42
DA:42,3
DA:43,3
DA:51,31
DA:52,2
DA:53,2
DA:55,1
DA:56,1
DA:57,1
DA:65,16
DA:66,1
DA:67,1
DA:69,1
DA:70,1
DA:71,1
DA:75,11
DA:76,1
DA:77,1
DA:78,1
DA:83,1
DA:84,1
DA:85,1
DA:86,1
DA:87,1
DA:88,1
LF:48
LH:48
BRDA:17,0,0,2
BRDA:17,0,1,2
BRDA:17,0,2,2
BRDA:17,0,3,2
BRDA:17,0,4,2
BRDA:33,1,0,2
BRDA:33,1,1,2
BRDA:33,1,2,0
BRDA:33,1,3,2
BRDA:41,2,0,3
BRDA:41,2,1,3
BRDA:41,2,2,2
BRDA:41,2,3,0
BRDA:41,2,4,3
BRDA:41,3,0,2
BRDA:41,3,1,1
BRDA:51,4,0,2
BRDA:51,4,1,2
BRDA:51,4,2,1
BRDA:51,4,3,1
BRDA:51,4,4,1
BRDA:51,4,5,2
BRDA:51,5,0,1
BRDA:51,5,1,1
BRDA:65,6,0,1
BRDA:65,6,1,1
BRDA:65,6,2,1
BRDA:65,6,3,0
BRDA:65,6,4,1
BRDA:75,7,0,1
BRDA:75,7,1,1
BRDA:75,7,2,0
BRDA:75,7,3,1
BRF:33
BRH:29
end_of_record
TN:
SF:src\controllers\employeeController.js
FN:18,getSearch
FN:42,_callee
FN:63,_callee2
FN:96,_callee3
FN:111,_callee4
FN:133,_callee5
FN:146,_callee6
FN:161,_callee7
FN:178,_callee8
FN:195,_callee9
FNF:10
FNH:10
FNDA:2,getSearch
FNDA:4,_callee
FNDA:15,_callee2
FNDA:4,_callee3
FNDA:8,_callee4
FNDA:4,_callee5
FNDA:4,_callee6
FNDA:4,_callee7
FNDA:4,_callee8
FNDA:4,_callee9
DA:1,1
DA:2,1
DA:3,1
DA:4,1
DA:5,1
DA:6,1
DA:7,1
DA:8,1
DA:9,1
DA:10,1
DA:11,1
DA:13,1
DA:15,1
DA:16,1
DA:19,2
DA:20,2
DA:21,2
DA:22,5
DA:23,5
DA:24,5
DA:26,2
DA:42,13
DA:44,1
DA:50,1
DA:63,117
DA:64,1
DA:65,1
DA:66,1
DA:67,1
DA:68,1
DA:69,1
DA:70,5
DA:83,5
DA:96,13
DA:99,1
DA:111,26
DA:113,2
DA:114,2
DA:115,2
DA:116,2
DA:118,2
DA:133,11
DA:134,1
DA:135,1
DA:146,11
DA:147,1
DA:148,1
DA:161,11
DA:162,1
DA:163,1
DA:164,1
DA:178,11
DA:179,1
DA:180,1
DA:181,1
DA:195,11
DA:196,1
LF:57
LH:57
BRDA:23,0,0,1
BRDA:23,0,1,4
BRDA:42,1,0,1
BRDA:42,1,1,1
BRDA:42,1,2,1
BRDA:42,1,3,1
BRDA:63,2,0,1
BRDA:63,2,1,6
BRDA:63,2,2,5
BRDA:63,2,3,1
BRDA:63,2,4,0
BRDA:63,2,5,1
BRDA:63,2,6,1
BRDA:63,2,7,6
BRDA:63,2,8,5
BRDA:63,2,9,1
BRDA:63,2,10,0
BRDA:63,2,11,1
BRDA:63,2,12,1
BRDA:63,2,13,0
BRDA:63,2,14,1
BRDA:63,3,0,2
BRDA:63,3,1,10
BRDA:96,4,0,1
BRDA:96,4,1,1
BRDA:96,4,2,0
BRDA:96,4,3,1
BRDA:111,5,0,2
BRDA:111,5,1,2
BRDA:111,5,2,0
BRDA:111,5,3,2
BRDA:133,6,0,1
BRDA:133,6,1,1
BRDA:133,6,2,0
BRDA:133,6,3,1
BRDA:146,7,0,1
BRDA:146,7,1,1
BRDA:146,7,2,0
BRDA:146,7,3,1
BRDA:161,8,0,1
BRDA:161,8,1,1
BRDA:161,8,2,0
BRDA:161,8,3,1
BRDA:178,9,0,1
BRDA:178,9,1,1
BRDA:178,9,2,0
BRDA:178,9,3,1
BRDA:195,10,0,1
BRDA:195,10,1,1
BRDA:195,10,2,0
BRDA:195,10,3,1
BRF:51
BRH:41
end_of_record
TN:
SF:src\database\config\config.js
FNF:0
FNH:0
DA:1,1
DA:2,1
DA:8,1
DA:10,1
LF:4
LH:4
BRF:0
BRH:0
end_of_record
TN:
SF:src\database\models\employee.js
FN:1,(anonymous_0)
FNF:1
FNH:1
FNDA:1,(anonymous_0)
DA:1,1
DA:2,1
DA:27,1
LF:3
LH:3
BRF:0
BRH:0
end_of_record
TN:
SF:src\database\models\index.js
FN:18,(anonymous_0)
FN:23,(anonymous_1)
FN:31,(anonymous_2)
FNF:3
FNH:3
FNDA:3,(anonymous_0)
FNDA:2,(anonymous_1)
FNDA:2,(anonymous_2)
DA:1,1
DA:2,1
DA:3,1
DA:4,1
DA:6,1
DA:7,1
DA:8,1
DA:10,1
DA:17,1
DA:19,3
DA:24,2
DA:28,2
DA:31,1
DA:32,2
DA:33,0
DA:37,1
DA:38,1
DA:40,1
LF:18
LH:17
BRDA:7,0,0,1
BRDA:7,0,1,1
BRDA:20,1,0,3
BRDA:20,1,1,3
BRDA:20,1,2,2
BRDA:32,2,0,0
BRDA:32,2,1,2
BRF:7
BRH:6
end_of_record
TN:
SF:src\database\models\user.js
FN:1,(anonymous_0)
FNF:1
FNH:1
FNDA:1,(anonymous_0)
DA:1,1
DA:2,1
DA:20,1
LF:3
LH:3
BRF:0
BRH:0
end_of_record
TN:
SF:src\middlewares\authMiddleware.js
FN:14,_callee
FN:26,(anonymous_7)
FN:56,_callee2
FN:64,_callee3
FNF:4
FNH:4
FNDA:59,_callee
FNDA:13,(anonymous_7)
FNDA:9,_callee2
FNDA:12,_callee3
DA:1,1
DA:2,1
DA:3,1
DA:4,1
DA:5,1
DA:6,1
DA:8,1
DA:9,1
DA:10,1
DA:14,232
DA:15,15
DA:19,14
DA:20,14
DA:22,14
DA:23,13
DA:24,13
DA:25,13
DA:27,13
DA:28,1
DA:35,12
DA:36,12
DA:56,32
DA:57,4
DA:61,3
DA:64,48
DA:65,4
DA:66,4
DA:70,4
DA:71,4
DA:72,4
DA:76,1
LF:31
LH:31
BRDA:14,0,0,15
BRDA:14,0,1,14
BRDA:14,0,2,13
BRDA:14,0,3,1
BRDA:14,0,4,0
BRDA:14,0,5,15
BRDA:14,1,0,14
BRDA:14,1,1,1
BRDA:27,2,0,1
BRDA:27,2,1,12
BRDA:27,3,0,13
BRDA:27,3,1,12
BRDA:56,4,0,4
BRDA:56,4,1,3
BRDA:56,4,2,3
BRDA:56,4,3,4
BRDA:56,5,0,3
BRDA:56,5,1,1
BRDA:64,6,0,4
BRDA:64,6,1,4
BRDA:64,6,2,4
BRDA:64,6,3,4
BRDA:64,6,4,4
BRDA:64,7,0,4
BRDA:64,7,1,0
BRF:25
BRH:23
end_of_record
TN:
SF:src\middlewares\fileUploadMiddleware.js
FN:5,destination
FN:11,filename
FN:16,fileFilter
FNF:3
FNH:3
FNDA:1,destination
FNDA:1,filename
FNDA:1,fileFilter
DA:1,1
DA:2,1
DA:4,1
DA:6,1
DA:7,1
DA:12,1
DA:16,1
DA:17,1
DA:18,1
DA:21,1
DA:23,0
DA:29,1
LF:12
LH:11
BRDA:6,0,0,1
BRDA:6,0,1,0
BRDA:17,1,0,1
BRDA:17,1,1,0
BRDA:18,2,0,1
BRDA:18,2,1,0
BRF:6
BRH:3
end_of_record
TN:
SF:src\middlewares\ifExist.js
FN:11,isExist
FN:18,generateRandom
FN:26,_callee
FN:37,_callee2
FN:48,_callee3
FN:58,_callee4
FN:69,_callee5
FNF:7
FNH:7
FNDA:6,isExist
FNDA:1,generateRandom
FNDA:9,_callee
FNDA:5,_callee2
FNDA:5,_callee3
FNDA:3,_callee4
FNDA:5,_callee5
DA:1,1
DA:2,1
DA:3,1
DA:4,1
DA:5,1
DA:7,1
DA:8,1
DA:9,1
DA:12,6
DA:13,1
DA:15,5
DA:19,1
DA:20,1
DA:26,36
DA:27,3
DA:29,3
DA:30,3
DA:32,0
DA:37,20
DA:38,2
DA:40,1
DA:41,1
DA:43,1
DA:48,20
DA:49,2
DA:51,1
DA:52,1
DA:54,1
DA:58,9
DA:59,1
DA:60,1
DA:61,1
DA:62,1
DA:63,0
DA:65,1
DA:66,1
DA:69,20
DA:70,2
DA:72,1
DA:73,1
DA:75,1
DA:82,1
LF:42
LH:40
BRDA:12,0,0,1
BRDA:12,0,1,5
BRDA:26,1,0,3
BRDA:26,1,1,3
BRDA:26,1,2,0
BRDA:26,1,3,3
BRDA:26,1,4,3
BRDA:26,2,0,0
BRDA:26,2,1,3
BRDA:37,3,0,2
BRDA:37,3,1,1
BRDA:37,3,2,1
BRDA:37,3,3,2
BRDA:37,3,4,2
BRDA:37,4,0,1
BRDA:37,4,1,1
BRDA:48,5,0,2
BRDA:48,5,1,1
BRDA:48,5,2,1
BRDA:48,5,3,2
BRDA:48,5,4,2
BRDA:48,6,0,1
BRDA:48,6,1,1
BRDA:58,7,0,1
BRDA:58,7,1,1
BRDA:58,7,2,1
BRDA:58,7,3,1
BRDA:58,8,0,0
BRDA:58,8,1,1
BRDA:58,9,0,1
BRDA:58,9,1,0
BRDA:62,10,0,0
BRDA:62,10,1,1
BRDA:69,11,0,2
BRDA:69,11,1,1
BRDA:69,11,2,1
BRDA:69,11,3,2
BRDA:69,11,4,2
BRDA:69,12,0,1
BRDA:69,12,1,1
BRF:40
BRH:35
end_of_record
TN:
SF:src\middlewares\validationMiddleware.js
FN:6,signupValMid
FN:11,loginValMid
FN:16,resetValMid
FN:21,updatePasswordValMid
FN:26,updateProfileValMid
FN:31,employeeCreateValMid
FN:36,employeeUpdateValMid
FN:41,employeeActivationMid
FN:46,employeeSuspensioMid
FNF:9
FNH:9
FNDA:4,signupValMid
FNDA:5,loginValMid
FNDA:3,resetValMid
FNDA:2,updatePasswordValMid
FNDA:1,updateProfileValMid
FNDA:1,employeeCreateValMid
FNDA:1,employeeUpdateValMid
FNDA:1,employeeActivationMid
FNDA:1,employeeSuspensioMid
DA:1,1
DA:3,1
DA:7,4
DA:8,4
DA:12,5
DA:13,5
DA:17,3
DA:18,3
DA:22,2
DA:23,2
DA:27,1
DA:28,1
DA:32,1
DA:33,1
DA:37,1
DA:38,1
DA:42,1
DA:43,1
DA:47,1
DA:48,1
DA:59,1
LF:21
LH:21
BRF:0
BRH:0
end_of_record
TN:
SF:src\routes\index.js
FNF:0
FNH:0
DA:1,1
DA:2,1
DA:3,1
DA:4,1
DA:5,1
LF:5
LH:5
BRF:0
BRH:0
end_of_record
TN:
SF:src\routes\api\auth.routes.js
FNF:0
FNH:0
DA:1,1
DA:2,1
DA:3,1
DA:4,1
DA:5,1
DA:7,1
DA:8,1
DA:9,1
DA:10,1
DA:11,1
DA:13,1
DA:14,1
DA:15,1
DA:16,1
DA:17,1
DA:18,1
DA:19,1
DA:21,1
LF:18
LH:18
BRF:0
BRH:0
end_of_record
TN:
SF:src\routes\api\employee.routes.js
FNF:0
FNH:0
DA:1,1
DA:2,1
DA:3,1
DA:4,1
DA:5,1
DA:6,1
DA:8,1
DA:9,1
DA:10,1
DA:11,1
DA:13,1
DA:15,1
DA:16,1
DA:17,1
DA:18,1
DA:19,1
DA:20,1
DA:21,1
DA:22,1
DA:23,1
DA:24,1
LF:21
LH:21
BRF:0
BRH:0
end_of_record
TN:
SF:src\routes\api\index.js
FNF:0
FNH:0
DA:1,1
DA:2,1
DA:3,1
DA:4,1
DA:5,1
DA:6,1
DA:10,1
LF:7
LH:7
BRF:0
BRH:0
end_of_record
TN:
SF:src\services\EmployeeService.js
FN:8,EmployeeService
FNF:1
FNH:1
FNDA:1,EmployeeService
DA:1,1
DA:2,1
DA:5,1
DA:8,2
DA:9,1
DA:10,1
DA:14,1
LF:7
LH:7
BRF:0
BRH:0
end_of_record
TN:
SF:src\services\UserService.js
FN:8,UserService
FNF:1
FNH:1
FNDA:1,UserService
DA:1,1
DA:2,1
DA:5,1
DA:8,2
DA:9,1
DA:10,1
DA:14,1
LF:7
LH:7
BRF:0
BRH:0
end_of_record
TN:
SF:src\services\queriesClass.js
FN:9,validateWhereCondition
FN:12,(anonymous_1)
FN:34,QueriesClass
FN:34,(anonymous_3)
FN:46,_callee
FN:59,_callee2
FN:60,(anonymous_10)
FN:77,_callee3
FN:91,_callee4
FN:96,_callee5
FN:111,_callee6
FN:125,_callee7
FNF:12
FNH:8
FNDA:3,validateWhereCondition
FNDA:0,(anonymous_1)
FNDA:2,QueriesClass
FNDA:60,(anonymous_3)
FNDA:32,_callee
FNDA:12,_callee2
FNDA:0,(anonymous_10)
FNDA:0,_callee3
FNDA:108,_callee4
FNDA:0,_callee5
FNDA:28,_callee6
FNDA:4,_callee7
DA:9,1
DA:10,3
DA:11,3
DA:12,3
DA:13,0
DA:15,3
DA:34,92
DA:35,2
DA:36,2
DA:46,88
DA:47,8
DA:59,48
DA:60,3
DA:61,3
DA:62,3
DA:77,0
DA:78,0
DA:91,297
DA:92,27
DA:96,0
DA:97,0
DA:111,77
DA:112,7
DA:125,11
DA:126,1
DA:131,1
LF:26
LH:21
BRDA:13,0,0,0
BRDA:13,0,1,0
BRDA:46,1,0,8
BRDA:46,1,1,8
BRDA:46,1,2,0
BRDA:46,1,3,8
BRDA:59,2,0,3
BRDA:59,2,1,3
BRDA:59,2,2,0
BRDA:59,2,3,0
BRDA:59,2,4,3
BRDA:59,2,5,0
BRDA:59,2,6,3
BRDA:59,3,0,0
BRDA:59,3,1,3
BRDA:77,4,0,0
BRDA:77,4,1,0
BRDA:77,4,2,0
BRDA:77,4,3,0
BRDA:91,5,0,27
BRDA:91,5,1,27
BRDA:91,5,2,0
BRDA:91,5,3,27
BRDA:96,6,0,0
BRDA:96,6,1,0
BRDA:96,6,2,0
BRDA:96,6,3,0
BRDA:111,7,0,7
BRDA:111,7,1,7
BRDA:111,7,2,0
BRDA:111,7,3,7
BRDA:125,8,0,1
BRDA:125,8,1,1
BRDA:125,8,2,0
BRDA:125,8,3,1
BRF:35
BRH:17
end_of_record
TN:
SF:src\utils\Validation.js
FN:8,(anonymous_4)
FN:25,(anonymous_5)
FN:36,(anonymous_6)
FN:48,(anonymous_7)
FN:62,(anonymous_8)
FN:75,(anonymous_9)
FN:92,(anonymous_10)
FN:109,(anonymous_11)
FN:120,(anonymous_12)
FN:136,(anonymous_13)
FN:139,(anonymous_14)
FNF:11
FNH:11
FNDA:4,(anonymous_4)
FNDA:5,(anonymous_5)
FNDA:3,(anonymous_6)
FNDA:2,(anonymous_7)
FNDA:1,(anonymous_8)
FNDA:1,(anonymous_9)
FNDA:1,(anonymous_10)
FNDA:1,(anonymous_11)
FNDA:1,(anonymous_12)
FNDA:19,(anonymous_13)
FNDA:4,(anonymous_14)
DA:1,1
DA:2,1
DA:3,1
DA:4,1
DA:5,1
DA:6,1
DA:9,4
DA:18,4
DA:26,5
DA:30,5
DA:37,3
DA:40,3
DA:49,2
DA:56,2
DA:63,1
DA:69,1
DA:76,1
DA:86,1
DA:93,1
DA:103,1
DA:110,1
DA:113,1
DA:121,1
DA:124,1
DA:137,19
DA:138,4
DA:139,4
DA:140,4
DA:142,15
DA:148,1
LF:30
LH:30
BRDA:137,0,0,4
BRDA:137,0,1,15
BRF:2
BRH:2
end_of_record
TN:
SF:src\utils\authUtil.js
FN:6,_callee
FN:12,_callee2
FN:17,(anonymous_9)
FN:22,(anonymous_10)
FNF:4
FNH:4
FNDA:15,_callee
FNDA:12,_callee2
FNDA:5,(anonymous_9)
FNDA:17,(anonymous_10)
DA:1,1
DA:2,1
DA:3,1
DA:6,45
DA:7,3
DA:8,3
DA:12,33
DA:13,3
DA:18,5
DA:19,5
DA:20,5
DA:23,17
DA:24,16
DA:28,1
LF:14
LH:14
BRDA:6,0,0,3
BRDA:6,0,1,3
BRDA:6,0,2,3
BRDA:6,0,3,0
BRDA:6,0,4,3
BRDA:12,1,0,3
BRDA:12,1,1,3
BRDA:12,1,2,0
BRDA:12,1,3,3
BRF:9
BRH:7
end_of_record
TN:
SF:src\utils\customMessages.js
FN:23,existError
FNF:1
FNH:1
FNDA:1,existError
DA:1,1
DA:2,1
DA:3,1
DA:4,1
DA:5,1
DA:6,1
DA:7,1
DA:8,1
DA:9,1
DA:10,1
DA:11,1
DA:12,1
DA:13,1
DA:14,1
DA:15,1
DA:16,1
DA:17,1
DA:18,1
DA:19,1
DA:20,1
DA:21,1
DA:22,1
DA:23,1
DA:24,1
LF:24
LH:24
BRF:0
BRH:0
end_of_record
TN:
SF:src\utils\paginate.js
FN:1,getPagination
FN:8,getPagingData
FNF:2
FNH:2
FNDA:3,getPagination
FNDA:3,getPagingData
DA:1,1
DA:2,3
DA:3,3
DA:5,3
DA:8,1
DA:9,3
DA:10,3
DA:11,3
DA:13,3
LF:9
LH:9
BRDA:2,0,0,0
BRDA:2,0,1,3
BRDA:3,1,0,0
BRDA:3,1,1,3
BRDA:10,2,0,0
BRDA:10,2,1,3
BRF:6
BRH:3
end_of_record
TN:
SF:src\utils\response.js
FN:1,successResponse
FN:9,errorResponse
FNF:2
FNH:2
FNDA:20,successResponse
FNDA:11,errorResponse
DA:1,20
DA:2,20
DA:9,1
DA:10,11
LF:4
LH:4
BRDA:1,0,0,18
BRDA:1,0,1,2
BRDA:1,1,0,40
BRDA:1,1,1,20
BRF:4
BRH:4
end_of_record
TN:
SF:src\utils\statusCodes.js
FNF:0
FNH:0
DA:1,1
DA:11,1
LF:2
LH:2
BRF:0
BRH:0
end_of_record
TN:
SF:src\utils\emails\employeeMail.js
FN:10,employeeRegistrationConfirmationEmailHtml
FN:14,getMessage
FN:23,_callee
FN:34,_callee2
FNF:4
FNH:4
FNDA:6,employeeRegistrationConfirmationEmailHtml
FNDA:6,getMessage
FNDA:4,_callee
FNDA:15,_callee2
DA:1,1
DA:2,1
DA:3,1
DA:4,1
DA:6,1
DA:7,1
DA:8,1
DA:11,6
DA:15,6
DA:23,12
DA:25,1
DA:29,0
DA:34,60
DA:36,5
DA:39,0
LF:15
LH:13
BRDA:23,0,0,1
BRDA:23,0,1,1
BRDA:23,0,2,0
BRDA:23,0,3,0
BRDA:23,0,4,1
BRDA:34,1,0,5
BRDA:34,1,1,5
BRDA:34,1,2,0
BRDA:34,1,3,5
BRDA:34,1,4,5
BRF:10
BRH:7
end_of_record
TN:
SF:src\utils\emails\userConfirmationMail.js
FN:10,userRegistrationConfirmationEmailHtml
FN:14,getMessage
FN:23,_callee
FNF:3
FNH:3
FNDA:2,userRegistrationConfirmationEmailHtml
FNDA:2,getMessage
FNDA:8,_callee
DA:1,1
DA:2,1
DA:3,1
DA:4,1
DA:6,1
DA:7,1
DA:8,1
DA:11,2
DA:15,2
DA:23,24
DA:25,2
DA:33,1
LF:12
LH:12
BRDA:23,0,0,2
BRDA:23,0,1,2
BRDA:23,0,2,0
BRDA:23,0,3,0
BRDA:23,0,4,2
BRF:5
BRH:3
end_of_record
TN:
SF:src\utils\emails\userResetPasswordMail.js
FN:10,userResetPasswordEmailHtml
FN:14,getMessage
FN:23,_callee
FNF:3
FNH:3
FNDA:1,userResetPasswordEmailHtml
FNDA:1,getMessage
FNDA:3,_callee
DA:1,1
DA:2,1
DA:3,1
DA:4,1
DA:6,1
DA:7,1
DA:8,1
DA:11,1
DA:15,1
DA:23,12
DA:25,1
DA:27,1
DA:33,1
LF:13
LH:13
BRDA:23,0,0,1
BRDA:23,0,1,1
BRDA:23,0,2,0
BRDA:23,0,3,1
BRDA:23,0,4,1
BRF:5
BRH:4
end_of_record
